<?xml version="1.0" encoding="utf-8"?>
<TestRun id="5af0b61a-3927-4831-9b7d-27a3af0e1d80" name="kip@DESKTOP-N3ISHK5 2025-10-07 14:36:14" runUser="DESKTOP-N3ISHK5\kip" xmlns="http://microsoft.com/schemas/VisualStudio/TeamTest/2010">
  <Times creation="2025-10-07T14:36:15.0229424+03:00" queuing="2025-10-07T14:36:15.0229427+03:00" start="2025-10-07T14:35:45.7528144+03:00" finish="2025-10-07T14:37:16.0901671+03:00" />
  <TestSettings name="default" id="e976c517-e02f-4c0f-bdc8-2608794fdeed">
    <Deployment runDeploymentRoot="kip_DESKTOP-N3ISHK5_2025-10-07_14_36_14" />
  </TestSettings>
  <Results>
    <UnitTestResult executionId="e3da2a23-3a55-43a9-a4e7-68bf1990b29a" testId="3c3e843c-5f9b-05ba-1001-272bc4fde624" testName="Inventory.IntegrationTests.Controllers.AuditControllerTests.GetAuditLogs_WithAuthentication_ShouldReturnAuditLogs" computerName="DESKTOP-N3ISHK5" duration="00:00:02.3957891" startTime="2025-10-07T14:36:17.3261994+03:00" endTime="2025-10-07T14:36:17.3261997+03:00" testType="13cdc9d9-ddb5-4fa4-a97d-d965ccfc6d4b" outcome="Failed" testListId="8c84fa94-04c1-424b-9868-57a2d4851a1d" relativeResultsDirectory="e3da2a23-3a55-43a9-a4e7-68bf1990b29a">
      <Output>
        <ErrorInfo>
          <Message>Assert.Equal() Failure: Values differ&#xD;
Expected: OK&#xD;
Actual:   Unauthorized</Message>
          <StackTrace>   at Inventory.IntegrationTests.Controllers.AuditControllerTests.GetAuditLogs_WithAuthentication_ShouldReturnAuditLogs() in C:\rec\prg\repo\InventoryCtrl_2\test\Inventory.IntegrationTests\Controllers\AuditControllerTests.cs:line 66&#xD;
--- End of stack trace from previous location ---</StackTrace>
        </ErrorInfo>
      </Output>
    </UnitTestResult>
    <UnitTestResult executionId="b2607936-5018-41c7-ac1e-924a9f6b5a0d" testId="dd46a2f5-50d8-33d1-c88e-0b8daf24f03b" testName="Inventory.IntegrationTests.Controllers.ManufacturerControllerIntegrationTests.UpdateManufacturer_WithInvalidId_ShouldReturnNotFound" computerName="DESKTOP-N3ISHK5" duration="00:00:00.0010000" startTime="2025-10-07T14:36:37.9486099+03:00" endTime="2025-10-07T14:36:37.9486102+03:00" testType="13cdc9d9-ddb5-4fa4-a97d-d965ccfc6d4b" outcome="Failed" testListId="8c84fa94-04c1-424b-9868-57a2d4851a1d" relativeResultsDirectory="b2607936-5018-41c7-ac1e-924a9f6b5a0d">
      <Output>
        <ErrorInfo>
          <Message>Npgsql.NpgsqlException : Failed to connect to 127.0.0.1:5433&#xD;
---- System.Net.Sockets.SocketException : Подключение не установлено, т.к. конечный компьютер отверг запрос на подключение.</Message>
          <StackTrace>   at Npgsql.Internal.NpgsqlConnector.Connect(NpgsqlTimeout timeout)&#xD;
   at Npgsql.Internal.NpgsqlConnector.RawOpen(SslMode sslMode, NpgsqlTimeout timeout, Boolean async, CancellationToken cancellationToken, Boolean isFirstAttempt)&#xD;
   at Npgsql.Internal.NpgsqlConnector.&lt;Open&gt;g__OpenCore|213_1(NpgsqlConnector conn, SslMode sslMode, NpgsqlTimeout timeout, Boolean async, CancellationToken cancellationToken, Boolean isFirstAttempt)&#xD;
   at Npgsql.Internal.NpgsqlConnector.Open(NpgsqlTimeout timeout, Boolean async, CancellationToken cancellationToken)&#xD;
   at Npgsql.UnpooledDataSource.Get(NpgsqlConnection conn, NpgsqlTimeout timeout, Boolean async, CancellationToken cancellationToken)&#xD;
   at Npgsql.NpgsqlConnection.&lt;Open&gt;g__OpenAsync|42_0(Boolean async, CancellationToken cancellationToken)&#xD;
   at Npgsql.NpgsqlConnection.Open()&#xD;
   at Microsoft.EntityFrameworkCore.Storage.RelationalConnection.OpenDbConnection(Boolean errorsExpected)&#xD;
   at Microsoft.EntityFrameworkCore.Storage.RelationalConnection.OpenInternal(Boolean errorsExpected)&#xD;
   at Microsoft.EntityFrameworkCore.Storage.RelationalConnection.Open(Boolean errorsExpected)&#xD;
   at Npgsql.EntityFrameworkCore.PostgreSQL.Storage.Internal.NpgsqlDatabaseCreator.Exists(Boolean async, CancellationToken cancellationToken)&#xD;
   at Npgsql.EntityFrameworkCore.PostgreSQL.Storage.Internal.NpgsqlDatabaseCreator.Exists(Boolean async, CancellationToken cancellationToken)&#xD;
   at Npgsql.EntityFrameworkCore.PostgreSQL.Storage.Internal.NpgsqlDatabaseCreator.Exists()&#xD;
   at Microsoft.EntityFrameworkCore.Storage.RelationalDatabaseCreator.EnsureCreated()&#xD;
   at Microsoft.EntityFrameworkCore.Infrastructure.DatabaseFacade.EnsureCreated()&#xD;
   at Inventory.IntegrationTests.IntegrationTestBase..ctor(WebApplicationFactory`1 factory) in C:\rec\prg\repo\InventoryCtrl_2\test\Inventory.IntegrationTests\TestBase.cs:line 121&#xD;
   at Inventory.IntegrationTests.Controllers.ManufacturerControllerIntegrationTests..ctor(WebApplicationFactory`1 factory) in C:\rec\prg\repo\InventoryCtrl_2\test\Inventory.IntegrationTests\Controllers\ManufacturerControllerIntegrationTests.cs:line 13&#xD;
   at InvokeStub_ManufacturerControllerIntegrationTests..ctor(Object, Span`1)&#xD;
   at System.Reflection.MethodBaseInvoker.InvokeWithOneArg(Object obj, BindingFlags invokeAttr, Binder binder, Object[] parameters, CultureInfo culture)&#xD;
----- Inner Stack Trace -----&#xD;
   at Npgsql.Internal.NpgsqlConnector.Connect(NpgsqlTimeout timeout)</StackTrace>
        </ErrorInfo>
      </Output>
    </UnitTestResult>
    <UnitTestResult executionId="65b32ab6-a09b-4516-9f0c-21ff3a3c80a7" testId="b42f0b74-d411-ad95-c51b-b42e5e973955" testName="Inventory.IntegrationTests.Controllers.ManufacturerControllerIntegrationTests.DeleteManufacturer_WithInvalidId_ShouldReturnNotFound" computerName="DESKTOP-N3ISHK5" duration="00:00:00.0010000" startTime="2025-10-07T14:36:54.3728479+03:00" endTime="2025-10-07T14:36:54.3728481+03:00" testType="13cdc9d9-ddb5-4fa4-a97d-d965ccfc6d4b" outcome="Failed" testListId="8c84fa94-04c1-424b-9868-57a2d4851a1d" relativeResultsDirectory="65b32ab6-a09b-4516-9f0c-21ff3a3c80a7">
      <Output>
        <ErrorInfo>
          <Message>Npgsql.NpgsqlException : Failed to connect to 127.0.0.1:5433&#xD;
---- System.Net.Sockets.SocketException : Подключение не установлено, т.к. конечный компьютер отверг запрос на подключение.</Message>
          <StackTrace>   at Npgsql.Internal.NpgsqlConnector.Connect(NpgsqlTimeout timeout)&#xD;
   at Npgsql.Internal.NpgsqlConnector.RawOpen(SslMode sslMode, NpgsqlTimeout timeout, Boolean async, CancellationToken cancellationToken, Boolean isFirstAttempt)&#xD;
   at Npgsql.Internal.NpgsqlConnector.&lt;Open&gt;g__OpenCore|213_1(NpgsqlConnector conn, SslMode sslMode, NpgsqlTimeout timeout, Boolean async, CancellationToken cancellationToken, Boolean isFirstAttempt)&#xD;
   at Npgsql.Internal.NpgsqlConnector.Open(NpgsqlTimeout timeout, Boolean async, CancellationToken cancellationToken)&#xD;
   at Npgsql.UnpooledDataSource.Get(NpgsqlConnection conn, NpgsqlTimeout timeout, Boolean async, CancellationToken cancellationToken)&#xD;
   at Npgsql.NpgsqlConnection.&lt;Open&gt;g__OpenAsync|42_0(Boolean async, CancellationToken cancellationToken)&#xD;
   at Npgsql.NpgsqlConnection.Open()&#xD;
   at Microsoft.EntityFrameworkCore.Storage.RelationalConnection.OpenDbConnection(Boolean errorsExpected)&#xD;
   at Microsoft.EntityFrameworkCore.Storage.RelationalConnection.OpenInternal(Boolean errorsExpected)&#xD;
   at Microsoft.EntityFrameworkCore.Storage.RelationalConnection.Open(Boolean errorsExpected)&#xD;
   at Npgsql.EntityFrameworkCore.PostgreSQL.Storage.Internal.NpgsqlDatabaseCreator.Exists(Boolean async, CancellationToken cancellationToken)&#xD;
   at Npgsql.EntityFrameworkCore.PostgreSQL.Storage.Internal.NpgsqlDatabaseCreator.Exists(Boolean async, CancellationToken cancellationToken)&#xD;
   at Npgsql.EntityFrameworkCore.PostgreSQL.Storage.Internal.NpgsqlDatabaseCreator.Exists()&#xD;
   at Microsoft.EntityFrameworkCore.Storage.RelationalDatabaseCreator.EnsureCreated()&#xD;
   at Microsoft.EntityFrameworkCore.Infrastructure.DatabaseFacade.EnsureCreated()&#xD;
   at Inventory.IntegrationTests.IntegrationTestBase..ctor(WebApplicationFactory`1 factory) in C:\rec\prg\repo\InventoryCtrl_2\test\Inventory.IntegrationTests\TestBase.cs:line 121&#xD;
   at Inventory.IntegrationTests.Controllers.ManufacturerControllerIntegrationTests..ctor(WebApplicationFactory`1 factory) in C:\rec\prg\repo\InventoryCtrl_2\test\Inventory.IntegrationTests\Controllers\ManufacturerControllerIntegrationTests.cs:line 13&#xD;
   at InvokeStub_ManufacturerControllerIntegrationTests..ctor(Object, Span`1)&#xD;
   at System.Reflection.MethodBaseInvoker.InvokeWithOneArg(Object obj, BindingFlags invokeAttr, Binder binder, Object[] parameters, CultureInfo culture)&#xD;
----- Inner Stack Trace -----&#xD;
   at Npgsql.Internal.NpgsqlConnector.Connect(NpgsqlTimeout timeout)</StackTrace>
        </ErrorInfo>
      </Output>
    </UnitTestResult>
    <UnitTestResult executionId="b9ed5fc6-3273-4ea2-8186-a75d6d713e12" testId="2d474dc4-75c3-3932-2892-d8deab3b3b90" testName="Inventory.IntegrationTests.Controllers.SSLCertificateControllerTests.GetCertificateHealth_ShouldReturnOk" computerName="DESKTOP-N3ISHK5" duration="00:00:00.1481418" startTime="2025-10-07T14:36:17.2357142+03:00" endTime="2025-10-07T14:36:17.2357144+03:00" testType="13cdc9d9-ddb5-4fa4-a97d-d965ccfc6d4b" outcome="Failed" testListId="8c84fa94-04c1-424b-9868-57a2d4851a1d" relativeResultsDirectory="b9ed5fc6-3273-4ea2-8186-a75d6d713e12">
      <Output>
        <ErrorInfo>
          <Message>Assert.Equal() Failure: Values differ&#xD;
Expected: OK&#xD;
Actual:   Unauthorized</Message>
          <StackTrace>   at Inventory.IntegrationTests.Controllers.SSLCertificateControllerTests.GetCertificateHealth_ShouldReturnOk() in C:\rec\prg\repo\InventoryCtrl_2\test\Inventory.IntegrationTests\Controllers\SSLCertificateControllerTests.cs:line 297&#xD;
--- End of stack trace from previous location ---</StackTrace>
        </ErrorInfo>
      </Output>
    </UnitTestResult>
    <UnitTestResult executionId="2f4ad2e0-79a2-452d-a582-ef3f2512bd23" testId="979f61d8-210a-a3fc-a5b9-bbe30fc77e86" testName="Inventory.IntegrationTests.Controllers.SSLCertificateControllerTests.GetCertificates_ShouldReturnOk_WhenCertificatesExist" computerName="DESKTOP-N3ISHK5" duration="00:00:00.1079063" startTime="2025-10-07T14:36:16.5035958+03:00" endTime="2025-10-07T14:36:16.5035960+03:00" testType="13cdc9d9-ddb5-4fa4-a97d-d965ccfc6d4b" outcome="Failed" testListId="8c84fa94-04c1-424b-9868-57a2d4851a1d" relativeResultsDirectory="2f4ad2e0-79a2-452d-a582-ef3f2512bd23">
      <Output>
        <ErrorInfo>
          <Message>Assert.Equal() Failure: Values differ&#xD;
Expected: OK&#xD;
Actual:   Unauthorized</Message>
          <StackTrace>   at Inventory.IntegrationTests.Controllers.SSLCertificateControllerTests.GetCertificates_ShouldReturnOk_WhenCertificatesExist() in C:\rec\prg\repo\InventoryCtrl_2\test\Inventory.IntegrationTests\Controllers\SSLCertificateControllerTests.cs:line 65&#xD;
--- End of stack trace from previous location ---</StackTrace>
        </ErrorInfo>
      </Output>
    </UnitTestResult>
    <UnitTestResult executionId="3d8d227c-8566-4f74-b321-8ed8d590ee65" testId="a13d43a7-81ea-d35d-9807-2ea26787d874" testName="Inventory.IntegrationTests.Controllers.ManufacturerControllerIntegrationTests.CreateManufacturer_WithValidData_ShouldCreateManufacturer" computerName="DESKTOP-N3ISHK5" duration="00:00:00.0010000" startTime="2025-10-07T14:37:02.5344372+03:00" endTime="2025-10-07T14:37:02.5344374+03:00" testType="13cdc9d9-ddb5-4fa4-a97d-d965ccfc6d4b" outcome="Failed" testListId="8c84fa94-04c1-424b-9868-57a2d4851a1d" relativeResultsDirectory="3d8d227c-8566-4f74-b321-8ed8d590ee65">
      <Output>
        <ErrorInfo>
          <Message>Npgsql.NpgsqlException : Failed to connect to 127.0.0.1:5433&#xD;
---- System.Net.Sockets.SocketException : Подключение не установлено, т.к. конечный компьютер отверг запрос на подключение.</Message>
          <StackTrace>   at Npgsql.Internal.NpgsqlConnector.Connect(NpgsqlTimeout timeout)&#xD;
   at Npgsql.Internal.NpgsqlConnector.RawOpen(SslMode sslMode, NpgsqlTimeout timeout, Boolean async, CancellationToken cancellationToken, Boolean isFirstAttempt)&#xD;
   at Npgsql.Internal.NpgsqlConnector.&lt;Open&gt;g__OpenCore|213_1(NpgsqlConnector conn, SslMode sslMode, NpgsqlTimeout timeout, Boolean async, CancellationToken cancellationToken, Boolean isFirstAttempt)&#xD;
   at Npgsql.Internal.NpgsqlConnector.Open(NpgsqlTimeout timeout, Boolean async, CancellationToken cancellationToken)&#xD;
   at Npgsql.UnpooledDataSource.Get(NpgsqlConnection conn, NpgsqlTimeout timeout, Boolean async, CancellationToken cancellationToken)&#xD;
   at Npgsql.NpgsqlConnection.&lt;Open&gt;g__OpenAsync|42_0(Boolean async, CancellationToken cancellationToken)&#xD;
   at Npgsql.NpgsqlConnection.Open()&#xD;
   at Microsoft.EntityFrameworkCore.Storage.RelationalConnection.OpenDbConnection(Boolean errorsExpected)&#xD;
   at Microsoft.EntityFrameworkCore.Storage.RelationalConnection.OpenInternal(Boolean errorsExpected)&#xD;
   at Microsoft.EntityFrameworkCore.Storage.RelationalConnection.Open(Boolean errorsExpected)&#xD;
   at Npgsql.EntityFrameworkCore.PostgreSQL.Storage.Internal.NpgsqlDatabaseCreator.Exists(Boolean async, CancellationToken cancellationToken)&#xD;
   at Npgsql.EntityFrameworkCore.PostgreSQL.Storage.Internal.NpgsqlDatabaseCreator.Exists(Boolean async, CancellationToken cancellationToken)&#xD;
   at Npgsql.EntityFrameworkCore.PostgreSQL.Storage.Internal.NpgsqlDatabaseCreator.Exists()&#xD;
   at Microsoft.EntityFrameworkCore.Storage.RelationalDatabaseCreator.EnsureCreated()&#xD;
   at Microsoft.EntityFrameworkCore.Infrastructure.DatabaseFacade.EnsureCreated()&#xD;
   at Inventory.IntegrationTests.IntegrationTestBase..ctor(WebApplicationFactory`1 factory) in C:\rec\prg\repo\InventoryCtrl_2\test\Inventory.IntegrationTests\TestBase.cs:line 121&#xD;
   at Inventory.IntegrationTests.Controllers.ManufacturerControllerIntegrationTests..ctor(WebApplicationFactory`1 factory) in C:\rec\prg\repo\InventoryCtrl_2\test\Inventory.IntegrationTests\Controllers\ManufacturerControllerIntegrationTests.cs:line 13&#xD;
   at InvokeStub_ManufacturerControllerIntegrationTests..ctor(Object, Span`1)&#xD;
   at System.Reflection.MethodBaseInvoker.InvokeWithOneArg(Object obj, BindingFlags invokeAttr, Binder binder, Object[] parameters, CultureInfo culture)&#xD;
----- Inner Stack Trace -----&#xD;
   at Npgsql.Internal.NpgsqlConnector.Connect(NpgsqlTimeout timeout)</StackTrace>
        </ErrorInfo>
      </Output>
    </UnitTestResult>
    <UnitTestResult executionId="cf005f58-534a-4147-a059-3e468efef6cf" testId="b0615da0-9d3e-9319-3bb8-fb49a17f9f49" testName="Inventory.IntegrationTests.Controllers.ManufacturerControllerIntegrationTests.GetManufacturer_WithInvalidId_ShouldReturnNotFound" computerName="DESKTOP-N3ISHK5" duration="00:00:00.0010000" startTime="2025-10-07T14:36:46.1792948+03:00" endTime="2025-10-07T14:36:46.1792951+03:00" testType="13cdc9d9-ddb5-4fa4-a97d-d965ccfc6d4b" outcome="Failed" testListId="8c84fa94-04c1-424b-9868-57a2d4851a1d" relativeResultsDirectory="cf005f58-534a-4147-a059-3e468efef6cf">
      <Output>
        <ErrorInfo>
          <Message>Npgsql.NpgsqlException : Failed to connect to 127.0.0.1:5433&#xD;
---- System.Net.Sockets.SocketException : Подключение не установлено, т.к. конечный компьютер отверг запрос на подключение.</Message>
          <StackTrace>   at Npgsql.Internal.NpgsqlConnector.Connect(NpgsqlTimeout timeout)&#xD;
   at Npgsql.Internal.NpgsqlConnector.RawOpen(SslMode sslMode, NpgsqlTimeout timeout, Boolean async, CancellationToken cancellationToken, Boolean isFirstAttempt)&#xD;
   at Npgsql.Internal.NpgsqlConnector.&lt;Open&gt;g__OpenCore|213_1(NpgsqlConnector conn, SslMode sslMode, NpgsqlTimeout timeout, Boolean async, CancellationToken cancellationToken, Boolean isFirstAttempt)&#xD;
   at Npgsql.Internal.NpgsqlConnector.Open(NpgsqlTimeout timeout, Boolean async, CancellationToken cancellationToken)&#xD;
   at Npgsql.UnpooledDataSource.Get(NpgsqlConnection conn, NpgsqlTimeout timeout, Boolean async, CancellationToken cancellationToken)&#xD;
   at Npgsql.NpgsqlConnection.&lt;Open&gt;g__OpenAsync|42_0(Boolean async, CancellationToken cancellationToken)&#xD;
   at Npgsql.NpgsqlConnection.Open()&#xD;
   at Microsoft.EntityFrameworkCore.Storage.RelationalConnection.OpenDbConnection(Boolean errorsExpected)&#xD;
   at Microsoft.EntityFrameworkCore.Storage.RelationalConnection.OpenInternal(Boolean errorsExpected)&#xD;
   at Microsoft.EntityFrameworkCore.Storage.RelationalConnection.Open(Boolean errorsExpected)&#xD;
   at Npgsql.EntityFrameworkCore.PostgreSQL.Storage.Internal.NpgsqlDatabaseCreator.Exists(Boolean async, CancellationToken cancellationToken)&#xD;
   at Npgsql.EntityFrameworkCore.PostgreSQL.Storage.Internal.NpgsqlDatabaseCreator.Exists(Boolean async, CancellationToken cancellationToken)&#xD;
   at Npgsql.EntityFrameworkCore.PostgreSQL.Storage.Internal.NpgsqlDatabaseCreator.Exists()&#xD;
   at Microsoft.EntityFrameworkCore.Storage.RelationalDatabaseCreator.EnsureCreated()&#xD;
   at Microsoft.EntityFrameworkCore.Infrastructure.DatabaseFacade.EnsureCreated()&#xD;
   at Inventory.IntegrationTests.IntegrationTestBase..ctor(WebApplicationFactory`1 factory) in C:\rec\prg\repo\InventoryCtrl_2\test\Inventory.IntegrationTests\TestBase.cs:line 121&#xD;
   at Inventory.IntegrationTests.Controllers.ManufacturerControllerIntegrationTests..ctor(WebApplicationFactory`1 factory) in C:\rec\prg\repo\InventoryCtrl_2\test\Inventory.IntegrationTests\Controllers\ManufacturerControllerIntegrationTests.cs:line 13&#xD;
   at InvokeStub_ManufacturerControllerIntegrationTests..ctor(Object, Span`1)&#xD;
   at System.Reflection.MethodBaseInvoker.InvokeWithOneArg(Object obj, BindingFlags invokeAttr, Binder binder, Object[] parameters, CultureInfo culture)&#xD;
----- Inner Stack Trace -----&#xD;
   at Npgsql.Internal.NpgsqlConnector.Connect(NpgsqlTimeout timeout)</StackTrace>
        </ErrorInfo>
      </Output>
    </UnitTestResult>
    <UnitTestResult executionId="bb10bc0e-1664-4494-9e13-7768a30ea018" testId="1eaab3b9-fef6-2ebe-2e9e-4d63d32a2ac2" testName="Inventory.IntegrationTests.RequestCreation.RequestCreationFlowTests.CreateRequest_ShouldNotCauseAuditSerializationErrors" computerName="DESKTOP-N3ISHK5" duration="00:00:04.0576039" startTime="2025-10-07T14:36:29.4338785+03:00" endTime="2025-10-07T14:36:29.4338788+03:00" testType="13cdc9d9-ddb5-4fa4-a97d-d965ccfc6d4b" outcome="Failed" testListId="8c84fa94-04c1-424b-9868-57a2d4851a1d" relativeResultsDirectory="bb10bc0e-1664-4494-9e13-7768a30ea018">
      <Output>
        <ErrorInfo>
          <Message>Npgsql.NpgsqlException : Failed to connect to 127.0.0.1:5432&#xD;
---- System.Net.Sockets.SocketException : Подключение не установлено, т.к. конечный компьютер отверг запрос на подключение.</Message>
          <StackTrace>   at Npgsql.Internal.NpgsqlConnector.ConnectAsync(NpgsqlTimeout timeout, CancellationToken cancellationToken)&#xD;
   at Npgsql.Internal.NpgsqlConnector.RawOpen(SslMode sslMode, NpgsqlTimeout timeout, Boolean async, CancellationToken cancellationToken, Boolean isFirstAttempt)&#xD;
   at Npgsql.Internal.NpgsqlConnector.&lt;Open&gt;g__OpenCore|213_1(NpgsqlConnector conn, SslMode sslMode, NpgsqlTimeout timeout, Boolean async, CancellationToken cancellationToken, Boolean isFirstAttempt)&#xD;
   at Npgsql.Internal.NpgsqlConnector.Open(NpgsqlTimeout timeout, Boolean async, CancellationToken cancellationToken)&#xD;
   at Npgsql.UnpooledDataSource.Get(NpgsqlConnection conn, NpgsqlTimeout timeout, Boolean async, CancellationToken cancellationToken)&#xD;
   at Npgsql.NpgsqlConnection.&lt;Open&gt;g__OpenAsync|42_0(Boolean async, CancellationToken cancellationToken)&#xD;
   at Microsoft.EntityFrameworkCore.Storage.RelationalConnection.OpenInternalAsync(Boolean errorsExpected, CancellationToken cancellationToken)&#xD;
   at Microsoft.EntityFrameworkCore.Storage.RelationalConnection.OpenInternalAsync(Boolean errorsExpected, CancellationToken cancellationToken)&#xD;
   at Microsoft.EntityFrameworkCore.Storage.RelationalConnection.OpenAsync(CancellationToken cancellationToken, Boolean errorsExpected)&#xD;
   at Npgsql.EntityFrameworkCore.PostgreSQL.Storage.Internal.NpgsqlDatabaseCreator.Exists(Boolean async, CancellationToken cancellationToken)&#xD;
   at Npgsql.EntityFrameworkCore.PostgreSQL.Storage.Internal.NpgsqlDatabaseCreator.Exists(Boolean async, CancellationToken cancellationToken)&#xD;
   at Microsoft.EntityFrameworkCore.Storage.RelationalDatabaseCreator.EnsureCreatedAsync(CancellationToken cancellationToken)&#xD;
   at Microsoft.EntityFrameworkCore.Storage.RelationalDatabaseCreator.EnsureCreatedAsync(CancellationToken cancellationToken)&#xD;
   at Inventory.IntegrationTests.RequestCreation.RequestCreationFlowTests.CreateRequest_ShouldNotCauseAuditSerializationErrors() in C:\rec\prg\repo\InventoryCtrl_2\test\Inventory.IntegrationTests\RequestCreation\RequestCreationFlowTests.cs:line 108&#xD;
--- End of stack trace from previous location ---&#xD;
----- Inner Stack Trace -----&#xD;
   at System.Net.Sockets.Socket.AwaitableSocketAsyncEventArgs.ThrowException(SocketError error, CancellationToken cancellationToken)&#xD;
   at System.Net.Sockets.Socket.AwaitableSocketAsyncEventArgs.System.Threading.Tasks.Sources.IValueTaskSource.GetResult(Int16 token)&#xD;
   at System.Net.Sockets.Socket.&lt;ConnectAsync&gt;g__WaitForConnectWithCancellation|285_0(AwaitableSocketAsyncEventArgs saea, ValueTask connectTask, CancellationToken cancellationToken)&#xD;
   at Npgsql.TaskTimeoutAndCancellation.ExecuteAsync(Func`2 getTaskFunc, NpgsqlTimeout timeout, CancellationToken cancellationToken)&#xD;
   at Npgsql.Internal.NpgsqlConnector.ConnectAsync(NpgsqlTimeout timeout, CancellationToken cancellationToken)</StackTrace>
        </ErrorInfo>
      </Output>
    </UnitTestResult>
    <UnitTestResult executionId="1b53447e-668e-44f3-a48e-0c4c8947880e" testId="f8a1a8d1-1c71-4a78-18ce-f51d2826b3c5" testName="Inventory.IntegrationTests.Controllers.WarehouseControllerIntegrationTests.GetWarehouses_WithIsActiveFilter_ShouldReturnFilteredResults" computerName="DESKTOP-N3ISHK5" duration="00:00:00.0010000" startTime="2025-10-07T14:36:21.2122939+03:00" endTime="2025-10-07T14:36:21.2122941+03:00" testType="13cdc9d9-ddb5-4fa4-a97d-d965ccfc6d4b" outcome="Failed" testListId="8c84fa94-04c1-424b-9868-57a2d4851a1d" relativeResultsDirectory="1b53447e-668e-44f3-a48e-0c4c8947880e">
      <Output>
        <ErrorInfo>
          <Message>Npgsql.NpgsqlException : Failed to connect to 127.0.0.1:5433&#xD;
---- System.Net.Sockets.SocketException : Подключение не установлено, т.к. конечный компьютер отверг запрос на подключение.</Message>
          <StackTrace>   at Npgsql.Internal.NpgsqlConnector.Connect(NpgsqlTimeout timeout)&#xD;
   at Npgsql.Internal.NpgsqlConnector.RawOpen(SslMode sslMode, NpgsqlTimeout timeout, Boolean async, CancellationToken cancellationToken, Boolean isFirstAttempt)&#xD;
   at Npgsql.Internal.NpgsqlConnector.&lt;Open&gt;g__OpenCore|213_1(NpgsqlConnector conn, SslMode sslMode, NpgsqlTimeout timeout, Boolean async, CancellationToken cancellationToken, Boolean isFirstAttempt)&#xD;
   at Npgsql.Internal.NpgsqlConnector.Open(NpgsqlTimeout timeout, Boolean async, CancellationToken cancellationToken)&#xD;
   at Npgsql.UnpooledDataSource.Get(NpgsqlConnection conn, NpgsqlTimeout timeout, Boolean async, CancellationToken cancellationToken)&#xD;
   at Npgsql.NpgsqlConnection.&lt;Open&gt;g__OpenAsync|42_0(Boolean async, CancellationToken cancellationToken)&#xD;
   at Npgsql.NpgsqlConnection.Open()&#xD;
   at Microsoft.EntityFrameworkCore.Storage.RelationalConnection.OpenDbConnection(Boolean errorsExpected)&#xD;
   at Microsoft.EntityFrameworkCore.Storage.RelationalConnection.OpenInternal(Boolean errorsExpected)&#xD;
   at Microsoft.EntityFrameworkCore.Storage.RelationalConnection.Open(Boolean errorsExpected)&#xD;
   at Npgsql.EntityFrameworkCore.PostgreSQL.Storage.Internal.NpgsqlDatabaseCreator.Exists(Boolean async, CancellationToken cancellationToken)&#xD;
   at Npgsql.EntityFrameworkCore.PostgreSQL.Storage.Internal.NpgsqlDatabaseCreator.Exists(Boolean async, CancellationToken cancellationToken)&#xD;
   at Npgsql.EntityFrameworkCore.PostgreSQL.Storage.Internal.NpgsqlDatabaseCreator.Exists()&#xD;
   at Microsoft.EntityFrameworkCore.Storage.RelationalDatabaseCreator.EnsureCreated()&#xD;
   at Microsoft.EntityFrameworkCore.Infrastructure.DatabaseFacade.EnsureCreated()&#xD;
   at Inventory.IntegrationTests.IntegrationTestBase..ctor(WebApplicationFactory`1 factory) in C:\rec\prg\repo\InventoryCtrl_2\test\Inventory.IntegrationTests\TestBase.cs:line 121&#xD;
   at Inventory.IntegrationTests.Controllers.WarehouseControllerIntegrationTests..ctor(WebApplicationFactory`1 factory) in C:\rec\prg\repo\InventoryCtrl_2\test\Inventory.IntegrationTests\Controllers\WarehouseControllerIntegrationTests.cs:line 14&#xD;
   at System.RuntimeMethodHandle.InvokeMethod(Object target, Void** arguments, Signature sig, Boolean isConstructor)&#xD;
   at System.Reflection.MethodBaseInvoker.InvokeDirectByRefWithFewArgs(Object obj, Span`1 copyOfArgs, BindingFlags invokeAttr)&#xD;
----- Inner Stack Trace -----&#xD;
   at Npgsql.Internal.NpgsqlConnector.Connect(NpgsqlTimeout timeout)</StackTrace>
        </ErrorInfo>
      </Output>
    </UnitTestResult>
    <UnitTestResult executionId="84ac2892-44f6-41e7-adaa-fbdb4b7c0203" testId="f0e12d6a-70ca-5bd5-0760-e8b9a47bfd4a" testName="Inventory.IntegrationTests.Controllers.SimpleIntegrationTests.SimpleTest_ShouldPass" computerName="DESKTOP-N3ISHK5" duration="00:00:00.0001104" startTime="2025-10-07T14:36:14.9765028+03:00" endTime="2025-10-07T14:36:14.9765029+03:00" testType="13cdc9d9-ddb5-4fa4-a97d-d965ccfc6d4b" outcome="Passed" testListId="8c84fa94-04c1-424b-9868-57a2d4851a1d" relativeResultsDirectory="84ac2892-44f6-41e7-adaa-fbdb4b7c0203" />
    <UnitTestResult executionId="7982ef99-78e3-44ce-848a-958416b080d3" testId="8312cd04-f66a-67da-7dbc-543319e236c3" testName="Inventory.IntegrationTests.Controllers.CategoryControllerIntegrationTestsNew.CreateCategory_WithInvalidParentId_ShouldReturnBadRequest" computerName="DESKTOP-N3ISHK5" duration="00:00:00.0010000" startTime="2025-10-07T14:36:25.4488811+03:00" endTime="2025-10-07T14:36:25.4488812+03:00" testType="13cdc9d9-ddb5-4fa4-a97d-d965ccfc6d4b" outcome="Failed" testListId="8c84fa94-04c1-424b-9868-57a2d4851a1d" relativeResultsDirectory="7982ef99-78e3-44ce-848a-958416b080d3">
      <Output>
        <ErrorInfo>
          <Message>Npgsql.NpgsqlException : Failed to connect to 127.0.0.1:5433&#xD;
---- System.Net.Sockets.SocketException : Подключение не установлено, т.к. конечный компьютер отверг запрос на подключение.</Message>
          <StackTrace>   at Npgsql.Internal.NpgsqlConnector.Connect(NpgsqlTimeout timeout)&#xD;
   at Npgsql.Internal.NpgsqlConnector.RawOpen(SslMode sslMode, NpgsqlTimeout timeout, Boolean async, CancellationToken cancellationToken, Boolean isFirstAttempt)&#xD;
   at Npgsql.Internal.NpgsqlConnector.&lt;Open&gt;g__OpenCore|213_1(NpgsqlConnector conn, SslMode sslMode, NpgsqlTimeout timeout, Boolean async, CancellationToken cancellationToken, Boolean isFirstAttempt)&#xD;
   at Npgsql.Internal.NpgsqlConnector.Open(NpgsqlTimeout timeout, Boolean async, CancellationToken cancellationToken)&#xD;
   at Npgsql.UnpooledDataSource.Get(NpgsqlConnection conn, NpgsqlTimeout timeout, Boolean async, CancellationToken cancellationToken)&#xD;
   at Npgsql.NpgsqlConnection.&lt;Open&gt;g__OpenAsync|42_0(Boolean async, CancellationToken cancellationToken)&#xD;
   at Npgsql.NpgsqlConnection.Open()&#xD;
   at Microsoft.EntityFrameworkCore.Storage.RelationalConnection.OpenDbConnection(Boolean errorsExpected)&#xD;
   at Microsoft.EntityFrameworkCore.Storage.RelationalConnection.OpenInternal(Boolean errorsExpected)&#xD;
   at Microsoft.EntityFrameworkCore.Storage.RelationalConnection.Open(Boolean errorsExpected)&#xD;
   at Npgsql.EntityFrameworkCore.PostgreSQL.Storage.Internal.NpgsqlDatabaseCreator.Exists(Boolean async, CancellationToken cancellationToken)&#xD;
   at Npgsql.EntityFrameworkCore.PostgreSQL.Storage.Internal.NpgsqlDatabaseCreator.Exists(Boolean async, CancellationToken cancellationToken)&#xD;
   at Npgsql.EntityFrameworkCore.PostgreSQL.Storage.Internal.NpgsqlDatabaseCreator.Exists()&#xD;
   at Microsoft.EntityFrameworkCore.Storage.RelationalDatabaseCreator.EnsureCreated()&#xD;
   at Microsoft.EntityFrameworkCore.Infrastructure.DatabaseFacade.EnsureCreated()&#xD;
   at Inventory.IntegrationTests.IntegrationTestBase..ctor(WebApplicationFactory`1 factory) in C:\rec\prg\repo\InventoryCtrl_2\test\Inventory.IntegrationTests\TestBase.cs:line 121&#xD;
   at Inventory.IntegrationTests.Controllers.CategoryControllerIntegrationTestsNew..ctor(WebApplicationFactory`1 factory) in C:\rec\prg\repo\InventoryCtrl_2\test\Inventory.IntegrationTests\Controllers\CategoryControllerIntegrationTests.cs:line 13&#xD;
   at InvokeStub_CategoryControllerIntegrationTestsNew..ctor(Object, Span`1)&#xD;
   at System.Reflection.MethodBaseInvoker.InvokeWithOneArg(Object obj, BindingFlags invokeAttr, Binder binder, Object[] parameters, CultureInfo culture)&#xD;
----- Inner Stack Trace -----&#xD;
   at Npgsql.Internal.NpgsqlConnector.Connect(NpgsqlTimeout timeout)</StackTrace>
        </ErrorInfo>
      </Output>
    </UnitTestResult>
    <UnitTestResult executionId="ff311b6e-bdc8-4caa-86cf-5a181a061717" testId="cb8fd1aa-5b0a-2413-6839-b069265efcc5" testName="Inventory.IntegrationTests.Controllers.SSLCertificateControllerTests.GenerateCertificate_ShouldReturnOk_WhenRequestIsValid" computerName="DESKTOP-N3ISHK5" duration="00:00:00.1146593" startTime="2025-10-07T14:36:17.3514347+03:00" endTime="2025-10-07T14:36:17.3514350+03:00" testType="13cdc9d9-ddb5-4fa4-a97d-d965ccfc6d4b" outcome="Failed" testListId="8c84fa94-04c1-424b-9868-57a2d4851a1d" relativeResultsDirectory="ff311b6e-bdc8-4caa-86cf-5a181a061717">
      <Output>
        <ErrorInfo>
          <Message>Assert.Equal() Failure: Values differ&#xD;
Expected: OK&#xD;
Actual:   Unauthorized</Message>
          <StackTrace>   at Inventory.IntegrationTests.Controllers.SSLCertificateControllerTests.GenerateCertificate_ShouldReturnOk_WhenRequestIsValid() in C:\rec\prg\repo\InventoryCtrl_2\test\Inventory.IntegrationTests\Controllers\SSLCertificateControllerTests.cs:line 160&#xD;
--- End of stack trace from previous location ---</StackTrace>
        </ErrorInfo>
      </Output>
    </UnitTestResult>
    <UnitTestResult executionId="99ab7e0f-28bc-4ae9-a604-f0c9e30e89aa" testId="205315a2-ba7c-6895-7b86-73f1078b8185" testName="Inventory.IntegrationTests.Controllers.WarehouseControllerIntegrationTests.CreateWarehouse_WithValidData_ShouldCreateWarehouse" computerName="DESKTOP-N3ISHK5" duration="00:00:00.0010000" startTime="2025-10-07T14:36:29.6146289+03:00" endTime="2025-10-07T14:36:29.6146290+03:00" testType="13cdc9d9-ddb5-4fa4-a97d-d965ccfc6d4b" outcome="Failed" testListId="8c84fa94-04c1-424b-9868-57a2d4851a1d" relativeResultsDirectory="99ab7e0f-28bc-4ae9-a604-f0c9e30e89aa">
      <Output>
        <ErrorInfo>
          <Message>Npgsql.NpgsqlException : Failed to connect to 127.0.0.1:5433&#xD;
---- System.Net.Sockets.SocketException : Подключение не установлено, т.к. конечный компьютер отверг запрос на подключение.</Message>
          <StackTrace>   at Npgsql.Internal.NpgsqlConnector.Connect(NpgsqlTimeout timeout)&#xD;
   at Npgsql.Internal.NpgsqlConnector.RawOpen(SslMode sslMode, NpgsqlTimeout timeout, Boolean async, CancellationToken cancellationToken, Boolean isFirstAttempt)&#xD;
   at Npgsql.Internal.NpgsqlConnector.&lt;Open&gt;g__OpenCore|213_1(NpgsqlConnector conn, SslMode sslMode, NpgsqlTimeout timeout, Boolean async, CancellationToken cancellationToken, Boolean isFirstAttempt)&#xD;
   at Npgsql.Internal.NpgsqlConnector.Open(NpgsqlTimeout timeout, Boolean async, CancellationToken cancellationToken)&#xD;
   at Npgsql.UnpooledDataSource.Get(NpgsqlConnection conn, NpgsqlTimeout timeout, Boolean async, CancellationToken cancellationToken)&#xD;
   at Npgsql.NpgsqlConnection.&lt;Open&gt;g__OpenAsync|42_0(Boolean async, CancellationToken cancellationToken)&#xD;
   at Npgsql.NpgsqlConnection.Open()&#xD;
   at Microsoft.EntityFrameworkCore.Storage.RelationalConnection.OpenDbConnection(Boolean errorsExpected)&#xD;
   at Microsoft.EntityFrameworkCore.Storage.RelationalConnection.OpenInternal(Boolean errorsExpected)&#xD;
   at Microsoft.EntityFrameworkCore.Storage.RelationalConnection.Open(Boolean errorsExpected)&#xD;
   at Npgsql.EntityFrameworkCore.PostgreSQL.Storage.Internal.NpgsqlDatabaseCreator.Exists(Boolean async, CancellationToken cancellationToken)&#xD;
   at Npgsql.EntityFrameworkCore.PostgreSQL.Storage.Internal.NpgsqlDatabaseCreator.Exists(Boolean async, CancellationToken cancellationToken)&#xD;
   at Npgsql.EntityFrameworkCore.PostgreSQL.Storage.Internal.NpgsqlDatabaseCreator.Exists()&#xD;
   at Microsoft.EntityFrameworkCore.Storage.RelationalDatabaseCreator.EnsureCreated()&#xD;
   at Microsoft.EntityFrameworkCore.Infrastructure.DatabaseFacade.EnsureCreated()&#xD;
   at Inventory.IntegrationTests.IntegrationTestBase..ctor(WebApplicationFactory`1 factory) in C:\rec\prg\repo\InventoryCtrl_2\test\Inventory.IntegrationTests\TestBase.cs:line 121&#xD;
   at Inventory.IntegrationTests.Controllers.WarehouseControllerIntegrationTests..ctor(WebApplicationFactory`1 factory) in C:\rec\prg\repo\InventoryCtrl_2\test\Inventory.IntegrationTests\Controllers\WarehouseControllerIntegrationTests.cs:line 14&#xD;
   at InvokeStub_WarehouseControllerIntegrationTests..ctor(Object, Span`1)&#xD;
   at System.Reflection.MethodBaseInvoker.InvokeWithOneArg(Object obj, BindingFlags invokeAttr, Binder binder, Object[] parameters, CultureInfo culture)&#xD;
----- Inner Stack Trace -----&#xD;
   at Npgsql.Internal.NpgsqlConnector.Connect(NpgsqlTimeout timeout)</StackTrace>
        </ErrorInfo>
      </Output>
    </UnitTestResult>
    <UnitTestResult executionId="0c891a85-4b29-40bc-a509-0312dbe05df1" testId="ea0caeeb-dc82-5c78-6ef4-1df928ea12e8" testName="Inventory.IntegrationTests.Controllers.ManufacturerControllerIntegrationTests.DeleteManufacturer_WithProducts_ShouldReturnBadRequest" computerName="DESKTOP-N3ISHK5" duration="00:00:00.0010000" startTime="2025-10-07T14:36:25.4275105+03:00" endTime="2025-10-07T14:36:25.4275109+03:00" testType="13cdc9d9-ddb5-4fa4-a97d-d965ccfc6d4b" outcome="Failed" testListId="8c84fa94-04c1-424b-9868-57a2d4851a1d" relativeResultsDirectory="0c891a85-4b29-40bc-a509-0312dbe05df1">
      <Output>
        <ErrorInfo>
          <Message>Npgsql.NpgsqlException : Failed to connect to 127.0.0.1:5433&#xD;
---- System.Net.Sockets.SocketException : Подключение не установлено, т.к. конечный компьютер отверг запрос на подключение.</Message>
          <StackTrace>   at Npgsql.Internal.NpgsqlConnector.Connect(NpgsqlTimeout timeout)&#xD;
   at Npgsql.Internal.NpgsqlConnector.RawOpen(SslMode sslMode, NpgsqlTimeout timeout, Boolean async, CancellationToken cancellationToken, Boolean isFirstAttempt)&#xD;
   at Npgsql.Internal.NpgsqlConnector.&lt;Open&gt;g__OpenCore|213_1(NpgsqlConnector conn, SslMode sslMode, NpgsqlTimeout timeout, Boolean async, CancellationToken cancellationToken, Boolean isFirstAttempt)&#xD;
   at Npgsql.Internal.NpgsqlConnector.Open(NpgsqlTimeout timeout, Boolean async, CancellationToken cancellationToken)&#xD;
   at Npgsql.UnpooledDataSource.Get(NpgsqlConnection conn, NpgsqlTimeout timeout, Boolean async, CancellationToken cancellationToken)&#xD;
   at Npgsql.NpgsqlConnection.&lt;Open&gt;g__OpenAsync|42_0(Boolean async, CancellationToken cancellationToken)&#xD;
   at Npgsql.NpgsqlConnection.Open()&#xD;
   at Microsoft.EntityFrameworkCore.Storage.RelationalConnection.OpenDbConnection(Boolean errorsExpected)&#xD;
   at Microsoft.EntityFrameworkCore.Storage.RelationalConnection.OpenInternal(Boolean errorsExpected)&#xD;
   at Microsoft.EntityFrameworkCore.Storage.RelationalConnection.Open(Boolean errorsExpected)&#xD;
   at Npgsql.EntityFrameworkCore.PostgreSQL.Storage.Internal.NpgsqlDatabaseCreator.Exists(Boolean async, CancellationToken cancellationToken)&#xD;
   at Npgsql.EntityFrameworkCore.PostgreSQL.Storage.Internal.NpgsqlDatabaseCreator.Exists(Boolean async, CancellationToken cancellationToken)&#xD;
   at Npgsql.EntityFrameworkCore.PostgreSQL.Storage.Internal.NpgsqlDatabaseCreator.Exists()&#xD;
   at Microsoft.EntityFrameworkCore.Storage.RelationalDatabaseCreator.EnsureCreated()&#xD;
   at Microsoft.EntityFrameworkCore.Infrastructure.DatabaseFacade.EnsureCreated()&#xD;
   at Inventory.IntegrationTests.IntegrationTestBase..ctor(WebApplicationFactory`1 factory) in C:\rec\prg\repo\InventoryCtrl_2\test\Inventory.IntegrationTests\TestBase.cs:line 121&#xD;
   at Inventory.IntegrationTests.Controllers.ManufacturerControllerIntegrationTests..ctor(WebApplicationFactory`1 factory) in C:\rec\prg\repo\InventoryCtrl_2\test\Inventory.IntegrationTests\Controllers\ManufacturerControllerIntegrationTests.cs:line 13&#xD;
   at InvokeStub_ManufacturerControllerIntegrationTests..ctor(Object, Span`1)&#xD;
   at System.Reflection.MethodBaseInvoker.InvokeWithOneArg(Object obj, BindingFlags invokeAttr, Binder binder, Object[] parameters, CultureInfo culture)&#xD;
----- Inner Stack Trace -----&#xD;
   at Npgsql.Internal.NpgsqlConnector.Connect(NpgsqlTimeout timeout)</StackTrace>
        </ErrorInfo>
      </Output>
    </UnitTestResult>
    <UnitTestResult executionId="30a1fbcf-1f37-4ee0-b555-b46ca1234fda" testId="2a84c999-4de1-efb1-7135-b1cba814c582" testName="Inventory.IntegrationTests.Controllers.DashboardControllerIntegrationTestsNew.GetDashboardStats_WithoutAuthentication_ShouldReturnUnauthorized" computerName="DESKTOP-N3ISHK5" duration="00:00:00.0010000" startTime="2025-10-07T14:36:29.6349822+03:00" endTime="2025-10-07T14:36:29.6349824+03:00" testType="13cdc9d9-ddb5-4fa4-a97d-d965ccfc6d4b" outcome="Failed" testListId="8c84fa94-04c1-424b-9868-57a2d4851a1d" relativeResultsDirectory="30a1fbcf-1f37-4ee0-b555-b46ca1234fda">
      <Output>
        <ErrorInfo>
          <Message>Npgsql.NpgsqlException : Failed to connect to 127.0.0.1:5433&#xD;
---- System.Net.Sockets.SocketException : Подключение не установлено, т.к. конечный компьютер отверг запрос на подключение.</Message>
          <StackTrace>   at Npgsql.Internal.NpgsqlConnector.Connect(NpgsqlTimeout timeout)&#xD;
   at Npgsql.Internal.NpgsqlConnector.RawOpen(SslMode sslMode, NpgsqlTimeout timeout, Boolean async, CancellationToken cancellationToken, Boolean isFirstAttempt)&#xD;
   at Npgsql.Internal.NpgsqlConnector.&lt;Open&gt;g__OpenCore|213_1(NpgsqlConnector conn, SslMode sslMode, NpgsqlTimeout timeout, Boolean async, CancellationToken cancellationToken, Boolean isFirstAttempt)&#xD;
   at Npgsql.Internal.NpgsqlConnector.Open(NpgsqlTimeout timeout, Boolean async, CancellationToken cancellationToken)&#xD;
   at Npgsql.UnpooledDataSource.Get(NpgsqlConnection conn, NpgsqlTimeout timeout, Boolean async, CancellationToken cancellationToken)&#xD;
   at Npgsql.NpgsqlConnection.&lt;Open&gt;g__OpenAsync|42_0(Boolean async, CancellationToken cancellationToken)&#xD;
   at Npgsql.NpgsqlConnection.Open()&#xD;
   at Microsoft.EntityFrameworkCore.Storage.RelationalConnection.OpenDbConnection(Boolean errorsExpected)&#xD;
   at Microsoft.EntityFrameworkCore.Storage.RelationalConnection.OpenInternal(Boolean errorsExpected)&#xD;
   at Microsoft.EntityFrameworkCore.Storage.RelationalConnection.Open(Boolean errorsExpected)&#xD;
   at Npgsql.EntityFrameworkCore.PostgreSQL.Storage.Internal.NpgsqlDatabaseCreator.Exists(Boolean async, CancellationToken cancellationToken)&#xD;
   at Npgsql.EntityFrameworkCore.PostgreSQL.Storage.Internal.NpgsqlDatabaseCreator.Exists(Boolean async, CancellationToken cancellationToken)&#xD;
   at Npgsql.EntityFrameworkCore.PostgreSQL.Storage.Internal.NpgsqlDatabaseCreator.Exists()&#xD;
   at Microsoft.EntityFrameworkCore.Storage.RelationalDatabaseCreator.EnsureCreated()&#xD;
   at Microsoft.EntityFrameworkCore.Infrastructure.DatabaseFacade.EnsureCreated()&#xD;
   at Inventory.IntegrationTests.IntegrationTestBase..ctor(WebApplicationFactory`1 factory) in C:\rec\prg\repo\InventoryCtrl_2\test\Inventory.IntegrationTests\TestBase.cs:line 121&#xD;
   at Inventory.IntegrationTests.Controllers.DashboardControllerIntegrationTestsNew..ctor(WebApplicationFactory`1 factory) in C:\rec\prg\repo\InventoryCtrl_2\test\Inventory.IntegrationTests\Controllers\DashboardControllerIntegrationTests.cs:line 13&#xD;
   at InvokeStub_DashboardControllerIntegrationTestsNew..ctor(Object, Span`1)&#xD;
   at System.Reflection.MethodBaseInvoker.InvokeWithOneArg(Object obj, BindingFlags invokeAttr, Binder binder, Object[] parameters, CultureInfo culture)&#xD;
----- Inner Stack Trace -----&#xD;
   at Npgsql.Internal.NpgsqlConnector.Connect(NpgsqlTimeout timeout)</StackTrace>
        </ErrorInfo>
      </Output>
    </UnitTestResult>
    <UnitTestResult executionId="c8713091-e441-4ecc-98c0-aaa7fd6cd567" testId="075f24ff-5949-2a07-13f6-f892f656dc53" testName="Inventory.IntegrationTests.Controllers.AuditControllerTests.GetAuditLogs_WithFilters_ShouldReturnFilteredLogs" computerName="DESKTOP-N3ISHK5" duration="00:00:00.1112313" startTime="2025-10-07T14:36:17.9962399+03:00" endTime="2025-10-07T14:36:17.9962400+03:00" testType="13cdc9d9-ddb5-4fa4-a97d-d965ccfc6d4b" outcome="Failed" testListId="8c84fa94-04c1-424b-9868-57a2d4851a1d" relativeResultsDirectory="c8713091-e441-4ecc-98c0-aaa7fd6cd567">
      <Output>
        <ErrorInfo>
          <Message>Assert.Equal() Failure: Values differ&#xD;
Expected: OK&#xD;
Actual:   Unauthorized</Message>
          <StackTrace>   at Inventory.IntegrationTests.Controllers.AuditControllerTests.GetAuditLogs_WithFilters_ShouldReturnFilteredLogs() in C:\rec\prg\repo\InventoryCtrl_2\test\Inventory.IntegrationTests\Controllers\AuditControllerTests.cs:line 91&#xD;
--- End of stack trace from previous location ---</StackTrace>
        </ErrorInfo>
      </Output>
    </UnitTestResult>
    <UnitTestResult executionId="af62c7a0-0502-4ae9-879f-e2399784b4f8" testId="e73c46bc-f392-3d59-9c72-d77be3f42b3f" testName="Inventory.IntegrationTests.Controllers.SSLCertificateControllerTests.RenewCertificate_ShouldReturnOk_WhenCertificateExists" computerName="DESKTOP-N3ISHK5" duration="00:00:00.1053328" startTime="2025-10-07T14:36:16.8340903+03:00" endTime="2025-10-07T14:36:16.8340906+03:00" testType="13cdc9d9-ddb5-4fa4-a97d-d965ccfc6d4b" outcome="Failed" testListId="8c84fa94-04c1-424b-9868-57a2d4851a1d" relativeResultsDirectory="af62c7a0-0502-4ae9-879f-e2399784b4f8">
      <Output>
        <ErrorInfo>
          <Message>Assert.Equal() Failure: Values differ&#xD;
Expected: OK&#xD;
Actual:   Unauthorized</Message>
          <StackTrace>   at Inventory.IntegrationTests.Controllers.SSLCertificateControllerTests.RenewCertificate_ShouldReturnOk_WhenCertificateExists() in C:\rec\prg\repo\InventoryCtrl_2\test\Inventory.IntegrationTests\Controllers\SSLCertificateControllerTests.cs:line 214&#xD;
--- End of stack trace from previous location ---</StackTrace>
        </ErrorInfo>
      </Output>
    </UnitTestResult>
    <UnitTestResult executionId="95e4411e-b885-410e-860a-1b7a65f20098" testId="765b2401-1c44-d763-688a-b17df88dac62" testName="Inventory.IntegrationTests.Controllers.CategoryControllerIntegrationTestsNew.GetCategory_WithInvalidId_ShouldReturnNotFound" computerName="DESKTOP-N3ISHK5" duration="00:00:00.0010000" startTime="2025-10-07T14:36:37.9825109+03:00" endTime="2025-10-07T14:36:37.9825111+03:00" testType="13cdc9d9-ddb5-4fa4-a97d-d965ccfc6d4b" outcome="Failed" testListId="8c84fa94-04c1-424b-9868-57a2d4851a1d" relativeResultsDirectory="95e4411e-b885-410e-860a-1b7a65f20098">
      <Output>
        <ErrorInfo>
          <Message>Npgsql.NpgsqlException : Failed to connect to 127.0.0.1:5433&#xD;
---- System.Net.Sockets.SocketException : Подключение не установлено, т.к. конечный компьютер отверг запрос на подключение.</Message>
          <StackTrace>   at Npgsql.Internal.NpgsqlConnector.Connect(NpgsqlTimeout timeout)&#xD;
   at Npgsql.Internal.NpgsqlConnector.RawOpen(SslMode sslMode, NpgsqlTimeout timeout, Boolean async, CancellationToken cancellationToken, Boolean isFirstAttempt)&#xD;
   at Npgsql.Internal.NpgsqlConnector.&lt;Open&gt;g__OpenCore|213_1(NpgsqlConnector conn, SslMode sslMode, NpgsqlTimeout timeout, Boolean async, CancellationToken cancellationToken, Boolean isFirstAttempt)&#xD;
   at Npgsql.Internal.NpgsqlConnector.Open(NpgsqlTimeout timeout, Boolean async, CancellationToken cancellationToken)&#xD;
   at Npgsql.UnpooledDataSource.Get(NpgsqlConnection conn, NpgsqlTimeout timeout, Boolean async, CancellationToken cancellationToken)&#xD;
   at Npgsql.NpgsqlConnection.&lt;Open&gt;g__OpenAsync|42_0(Boolean async, CancellationToken cancellationToken)&#xD;
   at Npgsql.NpgsqlConnection.Open()&#xD;
   at Microsoft.EntityFrameworkCore.Storage.RelationalConnection.OpenDbConnection(Boolean errorsExpected)&#xD;
   at Microsoft.EntityFrameworkCore.Storage.RelationalConnection.OpenInternal(Boolean errorsExpected)&#xD;
   at Microsoft.EntityFrameworkCore.Storage.RelationalConnection.Open(Boolean errorsExpected)&#xD;
   at Npgsql.EntityFrameworkCore.PostgreSQL.Storage.Internal.NpgsqlDatabaseCreator.Exists(Boolean async, CancellationToken cancellationToken)&#xD;
   at Npgsql.EntityFrameworkCore.PostgreSQL.Storage.Internal.NpgsqlDatabaseCreator.Exists(Boolean async, CancellationToken cancellationToken)&#xD;
   at Npgsql.EntityFrameworkCore.PostgreSQL.Storage.Internal.NpgsqlDatabaseCreator.Exists()&#xD;
   at Microsoft.EntityFrameworkCore.Storage.RelationalDatabaseCreator.EnsureCreated()&#xD;
   at Microsoft.EntityFrameworkCore.Infrastructure.DatabaseFacade.EnsureCreated()&#xD;
   at Inventory.IntegrationTests.IntegrationTestBase..ctor(WebApplicationFactory`1 factory) in C:\rec\prg\repo\InventoryCtrl_2\test\Inventory.IntegrationTests\TestBase.cs:line 121&#xD;
   at Inventory.IntegrationTests.Controllers.CategoryControllerIntegrationTestsNew..ctor(WebApplicationFactory`1 factory) in C:\rec\prg\repo\InventoryCtrl_2\test\Inventory.IntegrationTests\Controllers\CategoryControllerIntegrationTests.cs:line 13&#xD;
   at InvokeStub_CategoryControllerIntegrationTestsNew..ctor(Object, Span`1)&#xD;
   at System.Reflection.MethodBaseInvoker.InvokeWithOneArg(Object obj, BindingFlags invokeAttr, Binder binder, Object[] parameters, CultureInfo culture)&#xD;
----- Inner Stack Trace -----&#xD;
   at Npgsql.Internal.NpgsqlConnector.Connect(NpgsqlTimeout timeout)</StackTrace>
        </ErrorInfo>
      </Output>
    </UnitTestResult>
    <UnitTestResult executionId="142c2204-37d1-400f-a7f6-8fd2fe86c556" testId="c5b5279b-7ecf-3103-f886-1d435f3a041a" testName="Inventory.IntegrationTests.Controllers.DashboardControllerIntegrationTestsNew.GetDashboardStats_WithValidData_ShouldReturnStats" computerName="DESKTOP-N3ISHK5" duration="00:00:00.0010000" startTime="2025-10-07T14:36:42.1230726+03:00" endTime="2025-10-07T14:36:42.1230728+03:00" testType="13cdc9d9-ddb5-4fa4-a97d-d965ccfc6d4b" outcome="Failed" testListId="8c84fa94-04c1-424b-9868-57a2d4851a1d" relativeResultsDirectory="142c2204-37d1-400f-a7f6-8fd2fe86c556">
      <Output>
        <ErrorInfo>
          <Message>Npgsql.NpgsqlException : Failed to connect to 127.0.0.1:5433&#xD;
---- System.Net.Sockets.SocketException : Подключение не установлено, т.к. конечный компьютер отверг запрос на подключение.</Message>
          <StackTrace>   at Npgsql.Internal.NpgsqlConnector.Connect(NpgsqlTimeout timeout)&#xD;
   at Npgsql.Internal.NpgsqlConnector.RawOpen(SslMode sslMode, NpgsqlTimeout timeout, Boolean async, CancellationToken cancellationToken, Boolean isFirstAttempt)&#xD;
   at Npgsql.Internal.NpgsqlConnector.&lt;Open&gt;g__OpenCore|213_1(NpgsqlConnector conn, SslMode sslMode, NpgsqlTimeout timeout, Boolean async, CancellationToken cancellationToken, Boolean isFirstAttempt)&#xD;
   at Npgsql.Internal.NpgsqlConnector.Open(NpgsqlTimeout timeout, Boolean async, CancellationToken cancellationToken)&#xD;
   at Npgsql.UnpooledDataSource.Get(NpgsqlConnection conn, NpgsqlTimeout timeout, Boolean async, CancellationToken cancellationToken)&#xD;
   at Npgsql.NpgsqlConnection.&lt;Open&gt;g__OpenAsync|42_0(Boolean async, CancellationToken cancellationToken)&#xD;
   at Npgsql.NpgsqlConnection.Open()&#xD;
   at Microsoft.EntityFrameworkCore.Storage.RelationalConnection.OpenDbConnection(Boolean errorsExpected)&#xD;
   at Microsoft.EntityFrameworkCore.Storage.RelationalConnection.OpenInternal(Boolean errorsExpected)&#xD;
   at Microsoft.EntityFrameworkCore.Storage.RelationalConnection.Open(Boolean errorsExpected)&#xD;
   at Npgsql.EntityFrameworkCore.PostgreSQL.Storage.Internal.NpgsqlDatabaseCreator.Exists(Boolean async, CancellationToken cancellationToken)&#xD;
   at Npgsql.EntityFrameworkCore.PostgreSQL.Storage.Internal.NpgsqlDatabaseCreator.Exists(Boolean async, CancellationToken cancellationToken)&#xD;
   at Npgsql.EntityFrameworkCore.PostgreSQL.Storage.Internal.NpgsqlDatabaseCreator.Exists()&#xD;
   at Microsoft.EntityFrameworkCore.Storage.RelationalDatabaseCreator.EnsureCreated()&#xD;
   at Microsoft.EntityFrameworkCore.Infrastructure.DatabaseFacade.EnsureCreated()&#xD;
   at Inventory.IntegrationTests.IntegrationTestBase..ctor(WebApplicationFactory`1 factory) in C:\rec\prg\repo\InventoryCtrl_2\test\Inventory.IntegrationTests\TestBase.cs:line 121&#xD;
   at Inventory.IntegrationTests.Controllers.DashboardControllerIntegrationTestsNew..ctor(WebApplicationFactory`1 factory) in C:\rec\prg\repo\InventoryCtrl_2\test\Inventory.IntegrationTests\Controllers\DashboardControllerIntegrationTests.cs:line 13&#xD;
   at InvokeStub_DashboardControllerIntegrationTestsNew..ctor(Object, Span`1)&#xD;
   at System.Reflection.MethodBaseInvoker.InvokeWithOneArg(Object obj, BindingFlags invokeAttr, Binder binder, Object[] parameters, CultureInfo culture)&#xD;
----- Inner Stack Trace -----&#xD;
   at Npgsql.Internal.NpgsqlConnector.Connect(NpgsqlTimeout timeout)</StackTrace>
        </ErrorInfo>
      </Output>
    </UnitTestResult>
    <UnitTestResult executionId="d0cb44f1-798a-460a-8a83-4fef7f0c517e" testId="73a975ed-aa1a-ad4d-301b-794a5c4ff706" testName="Inventory.IntegrationTests.Controllers.WarehouseControllerIntegrationTests.GetWarehouse_WithInvalidId_ShouldReturnNotFound" computerName="DESKTOP-N3ISHK5" duration="00:00:00.0010000" startTime="2025-10-07T14:36:25.4406703+03:00" endTime="2025-10-07T14:36:25.4406704+03:00" testType="13cdc9d9-ddb5-4fa4-a97d-d965ccfc6d4b" outcome="Failed" testListId="8c84fa94-04c1-424b-9868-57a2d4851a1d" relativeResultsDirectory="d0cb44f1-798a-460a-8a83-4fef7f0c517e">
      <Output>
        <ErrorInfo>
          <Message>Npgsql.NpgsqlException : Failed to connect to 127.0.0.1:5433&#xD;
---- System.Net.Sockets.SocketException : Подключение не установлено, т.к. конечный компьютер отверг запрос на подключение.</Message>
          <StackTrace>   at Npgsql.Internal.NpgsqlConnector.Connect(NpgsqlTimeout timeout)&#xD;
   at Npgsql.Internal.NpgsqlConnector.RawOpen(SslMode sslMode, NpgsqlTimeout timeout, Boolean async, CancellationToken cancellationToken, Boolean isFirstAttempt)&#xD;
   at Npgsql.Internal.NpgsqlConnector.&lt;Open&gt;g__OpenCore|213_1(NpgsqlConnector conn, SslMode sslMode, NpgsqlTimeout timeout, Boolean async, CancellationToken cancellationToken, Boolean isFirstAttempt)&#xD;
   at Npgsql.Internal.NpgsqlConnector.Open(NpgsqlTimeout timeout, Boolean async, CancellationToken cancellationToken)&#xD;
   at Npgsql.UnpooledDataSource.Get(NpgsqlConnection conn, NpgsqlTimeout timeout, Boolean async, CancellationToken cancellationToken)&#xD;
   at Npgsql.NpgsqlConnection.&lt;Open&gt;g__OpenAsync|42_0(Boolean async, CancellationToken cancellationToken)&#xD;
   at Npgsql.NpgsqlConnection.Open()&#xD;
   at Microsoft.EntityFrameworkCore.Storage.RelationalConnection.OpenDbConnection(Boolean errorsExpected)&#xD;
   at Microsoft.EntityFrameworkCore.Storage.RelationalConnection.OpenInternal(Boolean errorsExpected)&#xD;
   at Microsoft.EntityFrameworkCore.Storage.RelationalConnection.Open(Boolean errorsExpected)&#xD;
   at Npgsql.EntityFrameworkCore.PostgreSQL.Storage.Internal.NpgsqlDatabaseCreator.Exists(Boolean async, CancellationToken cancellationToken)&#xD;
   at Npgsql.EntityFrameworkCore.PostgreSQL.Storage.Internal.NpgsqlDatabaseCreator.Exists(Boolean async, CancellationToken cancellationToken)&#xD;
   at Npgsql.EntityFrameworkCore.PostgreSQL.Storage.Internal.NpgsqlDatabaseCreator.Exists()&#xD;
   at Microsoft.EntityFrameworkCore.Storage.RelationalDatabaseCreator.EnsureCreated()&#xD;
   at Microsoft.EntityFrameworkCore.Infrastructure.DatabaseFacade.EnsureCreated()&#xD;
   at Inventory.IntegrationTests.IntegrationTestBase..ctor(WebApplicationFactory`1 factory) in C:\rec\prg\repo\InventoryCtrl_2\test\Inventory.IntegrationTests\TestBase.cs:line 121&#xD;
   at Inventory.IntegrationTests.Controllers.WarehouseControllerIntegrationTests..ctor(WebApplicationFactory`1 factory) in C:\rec\prg\repo\InventoryCtrl_2\test\Inventory.IntegrationTests\Controllers\WarehouseControllerIntegrationTests.cs:line 14&#xD;
   at InvokeStub_WarehouseControllerIntegrationTests..ctor(Object, Span`1)&#xD;
   at System.Reflection.MethodBaseInvoker.InvokeWithOneArg(Object obj, BindingFlags invokeAttr, Binder binder, Object[] parameters, CultureInfo culture)&#xD;
----- Inner Stack Trace -----&#xD;
   at Npgsql.Internal.NpgsqlConnector.Connect(NpgsqlTimeout timeout)</StackTrace>
        </ErrorInfo>
      </Output>
    </UnitTestResult>
    <UnitTestResult executionId="90097440-de24-4e0e-b812-378e13e9895d" testId="2aec5a24-eafc-7b95-e507-b9d4f0e6a995" testName="Inventory.IntegrationTests.Controllers.CategoryControllerIntegrationTestsNew.GetCategory_WithValidId_ShouldReturnCategory" computerName="DESKTOP-N3ISHK5" duration="00:00:00.0010000" startTime="2025-10-07T14:36:42.1389680+03:00" endTime="2025-10-07T14:36:42.1389682+03:00" testType="13cdc9d9-ddb5-4fa4-a97d-d965ccfc6d4b" outcome="Failed" testListId="8c84fa94-04c1-424b-9868-57a2d4851a1d" relativeResultsDirectory="90097440-de24-4e0e-b812-378e13e9895d">
      <Output>
        <ErrorInfo>
          <Message>Npgsql.NpgsqlException : Failed to connect to 127.0.0.1:5433&#xD;
---- System.Net.Sockets.SocketException : Подключение не установлено, т.к. конечный компьютер отверг запрос на подключение.</Message>
          <StackTrace>   at Npgsql.Internal.NpgsqlConnector.Connect(NpgsqlTimeout timeout)&#xD;
   at Npgsql.Internal.NpgsqlConnector.RawOpen(SslMode sslMode, NpgsqlTimeout timeout, Boolean async, CancellationToken cancellationToken, Boolean isFirstAttempt)&#xD;
   at Npgsql.Internal.NpgsqlConnector.&lt;Open&gt;g__OpenCore|213_1(NpgsqlConnector conn, SslMode sslMode, NpgsqlTimeout timeout, Boolean async, CancellationToken cancellationToken, Boolean isFirstAttempt)&#xD;
   at Npgsql.Internal.NpgsqlConnector.Open(NpgsqlTimeout timeout, Boolean async, CancellationToken cancellationToken)&#xD;
   at Npgsql.UnpooledDataSource.Get(NpgsqlConnection conn, NpgsqlTimeout timeout, Boolean async, CancellationToken cancellationToken)&#xD;
   at Npgsql.NpgsqlConnection.&lt;Open&gt;g__OpenAsync|42_0(Boolean async, CancellationToken cancellationToken)&#xD;
   at Npgsql.NpgsqlConnection.Open()&#xD;
   at Microsoft.EntityFrameworkCore.Storage.RelationalConnection.OpenDbConnection(Boolean errorsExpected)&#xD;
   at Microsoft.EntityFrameworkCore.Storage.RelationalConnection.OpenInternal(Boolean errorsExpected)&#xD;
   at Microsoft.EntityFrameworkCore.Storage.RelationalConnection.Open(Boolean errorsExpected)&#xD;
   at Npgsql.EntityFrameworkCore.PostgreSQL.Storage.Internal.NpgsqlDatabaseCreator.Exists(Boolean async, CancellationToken cancellationToken)&#xD;
   at Npgsql.EntityFrameworkCore.PostgreSQL.Storage.Internal.NpgsqlDatabaseCreator.Exists(Boolean async, CancellationToken cancellationToken)&#xD;
   at Npgsql.EntityFrameworkCore.PostgreSQL.Storage.Internal.NpgsqlDatabaseCreator.Exists()&#xD;
   at Microsoft.EntityFrameworkCore.Storage.RelationalDatabaseCreator.EnsureCreated()&#xD;
   at Microsoft.EntityFrameworkCore.Infrastructure.DatabaseFacade.EnsureCreated()&#xD;
   at Inventory.IntegrationTests.IntegrationTestBase..ctor(WebApplicationFactory`1 factory) in C:\rec\prg\repo\InventoryCtrl_2\test\Inventory.IntegrationTests\TestBase.cs:line 121&#xD;
   at Inventory.IntegrationTests.Controllers.CategoryControllerIntegrationTestsNew..ctor(WebApplicationFactory`1 factory) in C:\rec\prg\repo\InventoryCtrl_2\test\Inventory.IntegrationTests\Controllers\CategoryControllerIntegrationTests.cs:line 13&#xD;
   at InvokeStub_CategoryControllerIntegrationTestsNew..ctor(Object, Span`1)&#xD;
   at System.Reflection.MethodBaseInvoker.InvokeWithOneArg(Object obj, BindingFlags invokeAttr, Binder binder, Object[] parameters, CultureInfo culture)&#xD;
----- Inner Stack Trace -----&#xD;
   at Npgsql.Internal.NpgsqlConnector.Connect(NpgsqlTimeout timeout)</StackTrace>
        </ErrorInfo>
      </Output>
    </UnitTestResult>
    <UnitTestResult executionId="9a33aa4c-ef9e-4d15-942c-2f1fcaea1335" testId="79666540-7e38-0696-ff7e-2c0a56e5021a" testName="Inventory.IntegrationTests.Controllers.SSLCertificateControllerTests.ValidateCertificate_ShouldReturnOk_WhenCertificateExists" computerName="DESKTOP-N3ISHK5" duration="00:00:00.1098418" startTime="2025-10-07T14:36:16.7268353+03:00" endTime="2025-10-07T14:36:16.7268355+03:00" testType="13cdc9d9-ddb5-4fa4-a97d-d965ccfc6d4b" outcome="Failed" testListId="8c84fa94-04c1-424b-9868-57a2d4851a1d" relativeResultsDirectory="9a33aa4c-ef9e-4d15-942c-2f1fcaea1335">
      <Output>
        <ErrorInfo>
          <Message>Assert.Equal() Failure: Values differ&#xD;
Expected: OK&#xD;
Actual:   Unauthorized</Message>
          <StackTrace>   at Inventory.IntegrationTests.Controllers.SSLCertificateControllerTests.ValidateCertificate_ShouldReturnOk_WhenCertificateExists() in C:\rec\prg\repo\InventoryCtrl_2\test\Inventory.IntegrationTests\Controllers\SSLCertificateControllerTests.cs:line 335&#xD;
--- End of stack trace from previous location ---</StackTrace>
        </ErrorInfo>
      </Output>
    </UnitTestResult>
    <UnitTestResult executionId="00260024-0c80-432d-bf84-99ce30299d8a" testId="09883b85-5656-611b-6ffa-1261101966f8" testName="Inventory.IntegrationTests.Controllers.CategoryControllerIntegrationTestsNew.GetCategories_WithoutAuthentication_ShouldReturnUnauthorized" computerName="DESKTOP-N3ISHK5" duration="00:00:00.0010000" startTime="2025-10-07T14:36:29.6658234+03:00" endTime="2025-10-07T14:36:29.6658236+03:00" testType="13cdc9d9-ddb5-4fa4-a97d-d965ccfc6d4b" outcome="Failed" testListId="8c84fa94-04c1-424b-9868-57a2d4851a1d" relativeResultsDirectory="00260024-0c80-432d-bf84-99ce30299d8a">
      <Output>
        <ErrorInfo>
          <Message>Npgsql.NpgsqlException : Failed to connect to 127.0.0.1:5433&#xD;
---- System.Net.Sockets.SocketException : Подключение не установлено, т.к. конечный компьютер отверг запрос на подключение.</Message>
          <StackTrace>   at Npgsql.Internal.NpgsqlConnector.Connect(NpgsqlTimeout timeout)&#xD;
   at Npgsql.Internal.NpgsqlConnector.RawOpen(SslMode sslMode, NpgsqlTimeout timeout, Boolean async, CancellationToken cancellationToken, Boolean isFirstAttempt)&#xD;
   at Npgsql.Internal.NpgsqlConnector.&lt;Open&gt;g__OpenCore|213_1(NpgsqlConnector conn, SslMode sslMode, NpgsqlTimeout timeout, Boolean async, CancellationToken cancellationToken, Boolean isFirstAttempt)&#xD;
   at Npgsql.Internal.NpgsqlConnector.Open(NpgsqlTimeout timeout, Boolean async, CancellationToken cancellationToken)&#xD;
   at Npgsql.UnpooledDataSource.Get(NpgsqlConnection conn, NpgsqlTimeout timeout, Boolean async, CancellationToken cancellationToken)&#xD;
   at Npgsql.NpgsqlConnection.&lt;Open&gt;g__OpenAsync|42_0(Boolean async, CancellationToken cancellationToken)&#xD;
   at Npgsql.NpgsqlConnection.Open()&#xD;
   at Microsoft.EntityFrameworkCore.Storage.RelationalConnection.OpenDbConnection(Boolean errorsExpected)&#xD;
   at Microsoft.EntityFrameworkCore.Storage.RelationalConnection.OpenInternal(Boolean errorsExpected)&#xD;
   at Microsoft.EntityFrameworkCore.Storage.RelationalConnection.Open(Boolean errorsExpected)&#xD;
   at Npgsql.EntityFrameworkCore.PostgreSQL.Storage.Internal.NpgsqlDatabaseCreator.Exists(Boolean async, CancellationToken cancellationToken)&#xD;
   at Npgsql.EntityFrameworkCore.PostgreSQL.Storage.Internal.NpgsqlDatabaseCreator.Exists(Boolean async, CancellationToken cancellationToken)&#xD;
   at Npgsql.EntityFrameworkCore.PostgreSQL.Storage.Internal.NpgsqlDatabaseCreator.Exists()&#xD;
   at Microsoft.EntityFrameworkCore.Storage.RelationalDatabaseCreator.EnsureCreated()&#xD;
   at Microsoft.EntityFrameworkCore.Infrastructure.DatabaseFacade.EnsureCreated()&#xD;
   at Inventory.IntegrationTests.IntegrationTestBase..ctor(WebApplicationFactory`1 factory) in C:\rec\prg\repo\InventoryCtrl_2\test\Inventory.IntegrationTests\TestBase.cs:line 121&#xD;
   at Inventory.IntegrationTests.Controllers.CategoryControllerIntegrationTestsNew..ctor(WebApplicationFactory`1 factory) in C:\rec\prg\repo\InventoryCtrl_2\test\Inventory.IntegrationTests\Controllers\CategoryControllerIntegrationTests.cs:line 13&#xD;
   at InvokeStub_CategoryControllerIntegrationTestsNew..ctor(Object, Span`1)&#xD;
   at System.Reflection.MethodBaseInvoker.InvokeWithOneArg(Object obj, BindingFlags invokeAttr, Binder binder, Object[] parameters, CultureInfo culture)&#xD;
----- Inner Stack Trace -----&#xD;
   at Npgsql.Internal.NpgsqlConnector.Connect(NpgsqlTimeout timeout)</StackTrace>
        </ErrorInfo>
      </Output>
    </UnitTestResult>
    <UnitTestResult executionId="99d81d42-c2e4-45c1-b322-0e41e1768282" testId="d543acd9-16a9-4913-dcc2-0fb4a1bd5367" testName="Inventory.IntegrationTests.RequestCreation.RequestCreationFlowTests.CreateRequest_WithValidData_ShouldSucceedWithoutCircularReferenceError" computerName="DESKTOP-N3ISHK5" duration="00:00:06.2808968" startTime="2025-10-07T14:36:21.2300556+03:00" endTime="2025-10-07T14:36:21.2300570+03:00" testType="13cdc9d9-ddb5-4fa4-a97d-d965ccfc6d4b" outcome="Failed" testListId="8c84fa94-04c1-424b-9868-57a2d4851a1d" relativeResultsDirectory="99d81d42-c2e4-45c1-b322-0e41e1768282">
      <Output>
        <ErrorInfo>
          <Message>Npgsql.NpgsqlException : Failed to connect to 127.0.0.1:5432&#xD;
---- System.Net.Sockets.SocketException : Подключение не установлено, т.к. конечный компьютер отверг запрос на подключение.</Message>
          <StackTrace>   at Npgsql.Internal.NpgsqlConnector.ConnectAsync(NpgsqlTimeout timeout, CancellationToken cancellationToken)&#xD;
   at Npgsql.Internal.NpgsqlConnector.RawOpen(SslMode sslMode, NpgsqlTimeout timeout, Boolean async, CancellationToken cancellationToken, Boolean isFirstAttempt)&#xD;
   at Npgsql.Internal.NpgsqlConnector.&lt;Open&gt;g__OpenCore|213_1(NpgsqlConnector conn, SslMode sslMode, NpgsqlTimeout timeout, Boolean async, CancellationToken cancellationToken, Boolean isFirstAttempt)&#xD;
   at Npgsql.Internal.NpgsqlConnector.Open(NpgsqlTimeout timeout, Boolean async, CancellationToken cancellationToken)&#xD;
   at Npgsql.UnpooledDataSource.Get(NpgsqlConnection conn, NpgsqlTimeout timeout, Boolean async, CancellationToken cancellationToken)&#xD;
   at Npgsql.NpgsqlConnection.&lt;Open&gt;g__OpenAsync|42_0(Boolean async, CancellationToken cancellationToken)&#xD;
   at Microsoft.EntityFrameworkCore.Storage.RelationalConnection.OpenInternalAsync(Boolean errorsExpected, CancellationToken cancellationToken)&#xD;
   at Microsoft.EntityFrameworkCore.Storage.RelationalConnection.OpenInternalAsync(Boolean errorsExpected, CancellationToken cancellationToken)&#xD;
   at Microsoft.EntityFrameworkCore.Storage.RelationalConnection.OpenAsync(CancellationToken cancellationToken, Boolean errorsExpected)&#xD;
   at Npgsql.EntityFrameworkCore.PostgreSQL.Storage.Internal.NpgsqlDatabaseCreator.Exists(Boolean async, CancellationToken cancellationToken)&#xD;
   at Npgsql.EntityFrameworkCore.PostgreSQL.Storage.Internal.NpgsqlDatabaseCreator.Exists(Boolean async, CancellationToken cancellationToken)&#xD;
   at Microsoft.EntityFrameworkCore.Storage.RelationalDatabaseCreator.EnsureCreatedAsync(CancellationToken cancellationToken)&#xD;
   at Microsoft.EntityFrameworkCore.Storage.RelationalDatabaseCreator.EnsureCreatedAsync(CancellationToken cancellationToken)&#xD;
   at Inventory.IntegrationTests.RequestCreation.RequestCreationFlowTests.CreateRequest_WithValidData_ShouldSucceedWithoutCircularReferenceError() in C:\rec\prg\repo\InventoryCtrl_2\test\Inventory.IntegrationTests\RequestCreation\RequestCreationFlowTests.cs:line 39&#xD;
--- End of stack trace from previous location ---&#xD;
----- Inner Stack Trace -----&#xD;
   at System.Net.Sockets.Socket.AwaitableSocketAsyncEventArgs.ThrowException(SocketError error, CancellationToken cancellationToken)&#xD;
   at System.Net.Sockets.Socket.AwaitableSocketAsyncEventArgs.System.Threading.Tasks.Sources.IValueTaskSource.GetResult(Int16 token)&#xD;
   at System.Net.Sockets.Socket.&lt;ConnectAsync&gt;g__WaitForConnectWithCancellation|285_0(AwaitableSocketAsyncEventArgs saea, ValueTask connectTask, CancellationToken cancellationToken)&#xD;
   at Npgsql.TaskTimeoutAndCancellation.ExecuteAsync(Func`2 getTaskFunc, NpgsqlTimeout timeout, CancellationToken cancellationToken)&#xD;
   at Npgsql.Internal.NpgsqlConnector.ConnectAsync(NpgsqlTimeout timeout, CancellationToken cancellationToken)</StackTrace>
        </ErrorInfo>
      </Output>
    </UnitTestResult>
    <UnitTestResult executionId="8768d1c7-c97c-46a6-b604-e02ce7b2b577" testId="6faae5bd-3ce8-6862-891d-316ac8a59d93" testName="Inventory.IntegrationTests.Controllers.WarehouseControllerIntegrationTests.GetWarehouses_WithPagination_ShouldReturnPagedResults" computerName="DESKTOP-N3ISHK5" duration="00:00:00.0010000" startTime="2025-10-07T14:36:50.3222341+03:00" endTime="2025-10-07T14:36:50.3222343+03:00" testType="13cdc9d9-ddb5-4fa4-a97d-d965ccfc6d4b" outcome="Failed" testListId="8c84fa94-04c1-424b-9868-57a2d4851a1d" relativeResultsDirectory="8768d1c7-c97c-46a6-b604-e02ce7b2b577">
      <Output>
        <ErrorInfo>
          <Message>Npgsql.NpgsqlException : Failed to connect to 127.0.0.1:5433&#xD;
---- System.Net.Sockets.SocketException : Подключение не установлено, т.к. конечный компьютер отверг запрос на подключение.</Message>
          <StackTrace>   at Npgsql.Internal.NpgsqlConnector.Connect(NpgsqlTimeout timeout)&#xD;
   at Npgsql.Internal.NpgsqlConnector.RawOpen(SslMode sslMode, NpgsqlTimeout timeout, Boolean async, CancellationToken cancellationToken, Boolean isFirstAttempt)&#xD;
   at Npgsql.Internal.NpgsqlConnector.&lt;Open&gt;g__OpenCore|213_1(NpgsqlConnector conn, SslMode sslMode, NpgsqlTimeout timeout, Boolean async, CancellationToken cancellationToken, Boolean isFirstAttempt)&#xD;
   at Npgsql.Internal.NpgsqlConnector.Open(NpgsqlTimeout timeout, Boolean async, CancellationToken cancellationToken)&#xD;
   at Npgsql.UnpooledDataSource.Get(NpgsqlConnection conn, NpgsqlTimeout timeout, Boolean async, CancellationToken cancellationToken)&#xD;
   at Npgsql.NpgsqlConnection.&lt;Open&gt;g__OpenAsync|42_0(Boolean async, CancellationToken cancellationToken)&#xD;
   at Npgsql.NpgsqlConnection.Open()&#xD;
   at Microsoft.EntityFrameworkCore.Storage.RelationalConnection.OpenDbConnection(Boolean errorsExpected)&#xD;
   at Microsoft.EntityFrameworkCore.Storage.RelationalConnection.OpenInternal(Boolean errorsExpected)&#xD;
   at Microsoft.EntityFrameworkCore.Storage.RelationalConnection.Open(Boolean errorsExpected)&#xD;
   at Npgsql.EntityFrameworkCore.PostgreSQL.Storage.Internal.NpgsqlDatabaseCreator.Exists(Boolean async, CancellationToken cancellationToken)&#xD;
   at Npgsql.EntityFrameworkCore.PostgreSQL.Storage.Internal.NpgsqlDatabaseCreator.Exists(Boolean async, CancellationToken cancellationToken)&#xD;
   at Npgsql.EntityFrameworkCore.PostgreSQL.Storage.Internal.NpgsqlDatabaseCreator.Exists()&#xD;
   at Microsoft.EntityFrameworkCore.Storage.RelationalDatabaseCreator.EnsureCreated()&#xD;
   at Microsoft.EntityFrameworkCore.Infrastructure.DatabaseFacade.EnsureCreated()&#xD;
   at Inventory.IntegrationTests.IntegrationTestBase..ctor(WebApplicationFactory`1 factory) in C:\rec\prg\repo\InventoryCtrl_2\test\Inventory.IntegrationTests\TestBase.cs:line 121&#xD;
   at Inventory.IntegrationTests.Controllers.WarehouseControllerIntegrationTests..ctor(WebApplicationFactory`1 factory) in C:\rec\prg\repo\InventoryCtrl_2\test\Inventory.IntegrationTests\Controllers\WarehouseControllerIntegrationTests.cs:line 14&#xD;
   at InvokeStub_WarehouseControllerIntegrationTests..ctor(Object, Span`1)&#xD;
   at System.Reflection.MethodBaseInvoker.InvokeWithOneArg(Object obj, BindingFlags invokeAttr, Binder binder, Object[] parameters, CultureInfo culture)&#xD;
----- Inner Stack Trace -----&#xD;
   at Npgsql.Internal.NpgsqlConnector.Connect(NpgsqlTimeout timeout)</StackTrace>
        </ErrorInfo>
      </Output>
    </UnitTestResult>
    <UnitTestResult executionId="8e3ee599-340a-4a19-a326-868ffce9487a" testId="3bb5de58-9087-764f-4661-d2dbde6f6cd8" testName="Inventory.IntegrationTests.Controllers.SSLCertificateControllerTests.DeleteCertificate_ShouldReturnNotFound_WhenCertificateDoesNotExist" computerName="DESKTOP-N3ISHK5" duration="00:00:00.1514591" startTime="2025-10-07T14:36:16.2273599+03:00" endTime="2025-10-07T14:36:16.2273602+03:00" testType="13cdc9d9-ddb5-4fa4-a97d-d965ccfc6d4b" outcome="Failed" testListId="8c84fa94-04c1-424b-9868-57a2d4851a1d" relativeResultsDirectory="8e3ee599-340a-4a19-a326-868ffce9487a">
      <Output>
        <ErrorInfo>
          <Message>Assert.Equal() Failure: Values differ&#xD;
Expected: NotFound&#xD;
Actual:   Unauthorized</Message>
          <StackTrace>   at Inventory.IntegrationTests.Controllers.SSLCertificateControllerTests.DeleteCertificate_ShouldReturnNotFound_WhenCertificateDoesNotExist() in C:\rec\prg\repo\InventoryCtrl_2\test\Inventory.IntegrationTests\Controllers\SSLCertificateControllerTests.cs:line 271&#xD;
--- End of stack trace from previous location ---</StackTrace>
        </ErrorInfo>
      </Output>
    </UnitTestResult>
    <UnitTestResult executionId="16e5c085-234d-458d-b4b0-b218f433cf0e" testId="a8edabb0-484e-be63-aa41-7094e7b8864c" testName="Inventory.IntegrationTests.Controllers.DashboardControllerIntegrationTestsNew.GetDashboardStats_WithEmptyDatabase_ShouldReturnZeroStats" computerName="DESKTOP-N3ISHK5" duration="00:00:00.0010000" startTime="2025-10-07T14:36:33.8090860+03:00" endTime="2025-10-07T14:36:33.8090861+03:00" testType="13cdc9d9-ddb5-4fa4-a97d-d965ccfc6d4b" outcome="Failed" testListId="8c84fa94-04c1-424b-9868-57a2d4851a1d" relativeResultsDirectory="16e5c085-234d-458d-b4b0-b218f433cf0e">
      <Output>
        <ErrorInfo>
          <Message>Npgsql.NpgsqlException : Failed to connect to 127.0.0.1:5433&#xD;
---- System.Net.Sockets.SocketException : Подключение не установлено, т.к. конечный компьютер отверг запрос на подключение.</Message>
          <StackTrace>   at Npgsql.Internal.NpgsqlConnector.Connect(NpgsqlTimeout timeout)&#xD;
   at Npgsql.Internal.NpgsqlConnector.RawOpen(SslMode sslMode, NpgsqlTimeout timeout, Boolean async, CancellationToken cancellationToken, Boolean isFirstAttempt)&#xD;
   at Npgsql.Internal.NpgsqlConnector.&lt;Open&gt;g__OpenCore|213_1(NpgsqlConnector conn, SslMode sslMode, NpgsqlTimeout timeout, Boolean async, CancellationToken cancellationToken, Boolean isFirstAttempt)&#xD;
   at Npgsql.Internal.NpgsqlConnector.Open(NpgsqlTimeout timeout, Boolean async, CancellationToken cancellationToken)&#xD;
   at Npgsql.UnpooledDataSource.Get(NpgsqlConnection conn, NpgsqlTimeout timeout, Boolean async, CancellationToken cancellationToken)&#xD;
   at Npgsql.NpgsqlConnection.&lt;Open&gt;g__OpenAsync|42_0(Boolean async, CancellationToken cancellationToken)&#xD;
   at Npgsql.NpgsqlConnection.Open()&#xD;
   at Microsoft.EntityFrameworkCore.Storage.RelationalConnection.OpenDbConnection(Boolean errorsExpected)&#xD;
   at Microsoft.EntityFrameworkCore.Storage.RelationalConnection.OpenInternal(Boolean errorsExpected)&#xD;
   at Microsoft.EntityFrameworkCore.Storage.RelationalConnection.Open(Boolean errorsExpected)&#xD;
   at Npgsql.EntityFrameworkCore.PostgreSQL.Storage.Internal.NpgsqlDatabaseCreator.Exists(Boolean async, CancellationToken cancellationToken)&#xD;
   at Npgsql.EntityFrameworkCore.PostgreSQL.Storage.Internal.NpgsqlDatabaseCreator.Exists(Boolean async, CancellationToken cancellationToken)&#xD;
   at Npgsql.EntityFrameworkCore.PostgreSQL.Storage.Internal.NpgsqlDatabaseCreator.Exists()&#xD;
   at Microsoft.EntityFrameworkCore.Storage.RelationalDatabaseCreator.EnsureCreated()&#xD;
   at Microsoft.EntityFrameworkCore.Infrastructure.DatabaseFacade.EnsureCreated()&#xD;
   at Inventory.IntegrationTests.IntegrationTestBase..ctor(WebApplicationFactory`1 factory) in C:\rec\prg\repo\InventoryCtrl_2\test\Inventory.IntegrationTests\TestBase.cs:line 121&#xD;
   at Inventory.IntegrationTests.Controllers.DashboardControllerIntegrationTestsNew..ctor(WebApplicationFactory`1 factory) in C:\rec\prg\repo\InventoryCtrl_2\test\Inventory.IntegrationTests\Controllers\DashboardControllerIntegrationTests.cs:line 13&#xD;
   at InvokeStub_DashboardControllerIntegrationTestsNew..ctor(Object, Span`1)&#xD;
   at System.Reflection.MethodBaseInvoker.InvokeWithOneArg(Object obj, BindingFlags invokeAttr, Binder binder, Object[] parameters, CultureInfo culture)&#xD;
----- Inner Stack Trace -----&#xD;
   at Npgsql.Internal.NpgsqlConnector.Connect(NpgsqlTimeout timeout)</StackTrace>
        </ErrorInfo>
      </Output>
    </UnitTestResult>
    <UnitTestResult executionId="e28a3ad6-f509-48a5-8d6d-4418039d64e8" testId="79c70ac1-5937-f02f-d399-b52b700f4fdc" testName="Inventory.IntegrationTests.Controllers.ManufacturerControllerIntegrationTests.GetManufacturer_WithValidId_ShouldReturnManufacturer" computerName="DESKTOP-N3ISHK5" duration="00:00:00.0010000" startTime="2025-10-07T14:36:50.2727406+03:00" endTime="2025-10-07T14:36:50.2727408+03:00" testType="13cdc9d9-ddb5-4fa4-a97d-d965ccfc6d4b" outcome="Failed" testListId="8c84fa94-04c1-424b-9868-57a2d4851a1d" relativeResultsDirectory="e28a3ad6-f509-48a5-8d6d-4418039d64e8">
      <Output>
        <ErrorInfo>
          <Message>Npgsql.NpgsqlException : Failed to connect to 127.0.0.1:5433&#xD;
---- System.Net.Sockets.SocketException : Подключение не установлено, т.к. конечный компьютер отверг запрос на подключение.</Message>
          <StackTrace>   at Npgsql.Internal.NpgsqlConnector.Connect(NpgsqlTimeout timeout)&#xD;
   at Npgsql.Internal.NpgsqlConnector.RawOpen(SslMode sslMode, NpgsqlTimeout timeout, Boolean async, CancellationToken cancellationToken, Boolean isFirstAttempt)&#xD;
   at Npgsql.Internal.NpgsqlConnector.&lt;Open&gt;g__OpenCore|213_1(NpgsqlConnector conn, SslMode sslMode, NpgsqlTimeout timeout, Boolean async, CancellationToken cancellationToken, Boolean isFirstAttempt)&#xD;
   at Npgsql.Internal.NpgsqlConnector.Open(NpgsqlTimeout timeout, Boolean async, CancellationToken cancellationToken)&#xD;
   at Npgsql.UnpooledDataSource.Get(NpgsqlConnection conn, NpgsqlTimeout timeout, Boolean async, CancellationToken cancellationToken)&#xD;
   at Npgsql.NpgsqlConnection.&lt;Open&gt;g__OpenAsync|42_0(Boolean async, CancellationToken cancellationToken)&#xD;
   at Npgsql.NpgsqlConnection.Open()&#xD;
   at Microsoft.EntityFrameworkCore.Storage.RelationalConnection.OpenDbConnection(Boolean errorsExpected)&#xD;
   at Microsoft.EntityFrameworkCore.Storage.RelationalConnection.OpenInternal(Boolean errorsExpected)&#xD;
   at Microsoft.EntityFrameworkCore.Storage.RelationalConnection.Open(Boolean errorsExpected)&#xD;
   at Npgsql.EntityFrameworkCore.PostgreSQL.Storage.Internal.NpgsqlDatabaseCreator.Exists(Boolean async, CancellationToken cancellationToken)&#xD;
   at Npgsql.EntityFrameworkCore.PostgreSQL.Storage.Internal.NpgsqlDatabaseCreator.Exists(Boolean async, CancellationToken cancellationToken)&#xD;
   at Npgsql.EntityFrameworkCore.PostgreSQL.Storage.Internal.NpgsqlDatabaseCreator.Exists()&#xD;
   at Microsoft.EntityFrameworkCore.Storage.RelationalDatabaseCreator.EnsureCreated()&#xD;
   at Microsoft.EntityFrameworkCore.Infrastructure.DatabaseFacade.EnsureCreated()&#xD;
   at Inventory.IntegrationTests.IntegrationTestBase..ctor(WebApplicationFactory`1 factory) in C:\rec\prg\repo\InventoryCtrl_2\test\Inventory.IntegrationTests\TestBase.cs:line 121&#xD;
   at Inventory.IntegrationTests.Controllers.ManufacturerControllerIntegrationTests..ctor(WebApplicationFactory`1 factory) in C:\rec\prg\repo\InventoryCtrl_2\test\Inventory.IntegrationTests\Controllers\ManufacturerControllerIntegrationTests.cs:line 13&#xD;
   at InvokeStub_ManufacturerControllerIntegrationTests..ctor(Object, Span`1)&#xD;
   at System.Reflection.MethodBaseInvoker.InvokeWithOneArg(Object obj, BindingFlags invokeAttr, Binder binder, Object[] parameters, CultureInfo culture)&#xD;
----- Inner Stack Trace -----&#xD;
   at Npgsql.Internal.NpgsqlConnector.Connect(NpgsqlTimeout timeout)</StackTrace>
        </ErrorInfo>
      </Output>
    </UnitTestResult>
    <UnitTestResult executionId="27530f5a-1a1d-48c1-ba25-25cd7b06dba6" testId="e9ba1568-5431-97c2-8d7d-a338e6d820f5" testName="Inventory.IntegrationTests.Controllers.WarehouseControllerIntegrationTests.GetWarehouses_WithValidData_ShouldReturnWarehouses" computerName="DESKTOP-N3ISHK5" duration="00:00:00.0010000" startTime="2025-10-07T14:37:06.6974469+03:00" endTime="2025-10-07T14:37:06.6974472+03:00" testType="13cdc9d9-ddb5-4fa4-a97d-d965ccfc6d4b" outcome="Failed" testListId="8c84fa94-04c1-424b-9868-57a2d4851a1d" relativeResultsDirectory="27530f5a-1a1d-48c1-ba25-25cd7b06dba6">
      <Output>
        <ErrorInfo>
          <Message>Npgsql.NpgsqlException : Failed to connect to 127.0.0.1:5433&#xD;
---- System.Net.Sockets.SocketException : Подключение не установлено, т.к. конечный компьютер отверг запрос на подключение.</Message>
          <StackTrace>   at Npgsql.Internal.NpgsqlConnector.Connect(NpgsqlTimeout timeout)&#xD;
   at Npgsql.Internal.NpgsqlConnector.RawOpen(SslMode sslMode, NpgsqlTimeout timeout, Boolean async, CancellationToken cancellationToken, Boolean isFirstAttempt)&#xD;
   at Npgsql.Internal.NpgsqlConnector.&lt;Open&gt;g__OpenCore|213_1(NpgsqlConnector conn, SslMode sslMode, NpgsqlTimeout timeout, Boolean async, CancellationToken cancellationToken, Boolean isFirstAttempt)&#xD;
   at Npgsql.Internal.NpgsqlConnector.Open(NpgsqlTimeout timeout, Boolean async, CancellationToken cancellationToken)&#xD;
   at Npgsql.UnpooledDataSource.Get(NpgsqlConnection conn, NpgsqlTimeout timeout, Boolean async, CancellationToken cancellationToken)&#xD;
   at Npgsql.NpgsqlConnection.&lt;Open&gt;g__OpenAsync|42_0(Boolean async, CancellationToken cancellationToken)&#xD;
   at Npgsql.NpgsqlConnection.Open()&#xD;
   at Microsoft.EntityFrameworkCore.Storage.RelationalConnection.OpenDbConnection(Boolean errorsExpected)&#xD;
   at Microsoft.EntityFrameworkCore.Storage.RelationalConnection.OpenInternal(Boolean errorsExpected)&#xD;
   at Microsoft.EntityFrameworkCore.Storage.RelationalConnection.Open(Boolean errorsExpected)&#xD;
   at Npgsql.EntityFrameworkCore.PostgreSQL.Storage.Internal.NpgsqlDatabaseCreator.Exists(Boolean async, CancellationToken cancellationToken)&#xD;
   at Npgsql.EntityFrameworkCore.PostgreSQL.Storage.Internal.NpgsqlDatabaseCreator.Exists(Boolean async, CancellationToken cancellationToken)&#xD;
   at Npgsql.EntityFrameworkCore.PostgreSQL.Storage.Internal.NpgsqlDatabaseCreator.Exists()&#xD;
   at Microsoft.EntityFrameworkCore.Storage.RelationalDatabaseCreator.EnsureCreated()&#xD;
   at Microsoft.EntityFrameworkCore.Infrastructure.DatabaseFacade.EnsureCreated()&#xD;
   at Inventory.IntegrationTests.IntegrationTestBase..ctor(WebApplicationFactory`1 factory) in C:\rec\prg\repo\InventoryCtrl_2\test\Inventory.IntegrationTests\TestBase.cs:line 121&#xD;
[...]
      </RunInfo>
      <RunInfo computerName="DESKTOP-N3ISHK5" outcome="Error" timestamp="2025-10-07T14:36:17.0858710+03:00">
        <Text>[xUnit.net 00:00:02.30]     Inventory.IntegrationTests.Controllers.SSLCertificateControllerTests.ValidateCertificate_ShouldReturnNotFound_WhenCertificateDoesNotExist [FAIL]</Text>
      </RunInfo>
      <RunInfo computerName="DESKTOP-N3ISHK5" outcome="Error" timestamp="2025-10-07T14:36:17.2350515+03:00">
        <Text>[xUnit.net 00:00:02.45]     Inventory.IntegrationTests.Controllers.SSLCertificateControllerTests.GetCertificateHealth_ShouldReturnOk [FAIL]</Text>
      </RunInfo>
      <RunInfo computerName="DESKTOP-N3ISHK5" outcome="Error" timestamp="2025-10-07T14:36:17.3258998+03:00">
        <Text>[xUnit.net 00:00:02.54]     Inventory.IntegrationTests.Controllers.AuditControllerTests.GetAuditLogs_WithAuthentication_ShouldReturnAuditLogs [FAIL]</Text>
      </RunInfo>
      <RunInfo computerName="DESKTOP-N3ISHK5" outcome="Error" timestamp="2025-10-07T14:36:17.3512236+03:00">
        <Text>[xUnit.net 00:00:02.57]     Inventory.IntegrationTests.Controllers.SSLCertificateControllerTests.GenerateCertificate_ShouldReturnOk_WhenRequestIsValid [FAIL]</Text>
      </RunInfo>
      <RunInfo computerName="DESKTOP-N3ISHK5" outcome="Error" timestamp="2025-10-07T14:36:17.4611433+03:00">
        <Text>[xUnit.net 00:00:02.68]     Inventory.IntegrationTests.Controllers.AuditControllerTests.GetUserAuditLogs_ShouldReturnUserLogs [FAIL]</Text>
      </RunInfo>
      <RunInfo computerName="DESKTOP-N3ISHK5" outcome="Error" timestamp="2025-10-07T14:36:17.7675583+03:00">
        <Text>[xUnit.net 00:00:02.98]     Inventory.IntegrationTests.Controllers.AuditControllerTests.GetAuditStatistics_ShouldReturnStatistics [FAIL]</Text>
      </RunInfo>
      <RunInfo computerName="DESKTOP-N3ISHK5" outcome="Error" timestamp="2025-10-07T14:36:17.8837064+03:00">
        <Text>[xUnit.net 00:00:03.10]     Inventory.IntegrationTests.Controllers.AuditControllerTests.GetEntityAuditLogs_ShouldReturnEntityLogs [FAIL]</Text>
      </RunInfo>
      <RunInfo computerName="DESKTOP-N3ISHK5" outcome="Error" timestamp="2025-10-07T14:36:17.9958804+03:00">
        <Text>[xUnit.net 00:00:03.21]     Inventory.IntegrationTests.Controllers.AuditControllerTests.GetAuditLogs_WithFilters_ShouldReturnFilteredLogs [FAIL]</Text>
      </RunInfo>
      <RunInfo computerName="DESKTOP-N3ISHK5" outcome="Error" timestamp="2025-10-07T14:36:18.0988071+03:00">
        <Text>[xUnit.net 00:00:03.31]     Inventory.IntegrationTests.Controllers.AuditControllerTests.CleanupOldLogs_AsAdmin_ShouldReturnCleanupResult [FAIL]</Text>
      </RunInfo>
      <RunInfo computerName="DESKTOP-N3ISHK5" outcome="Error" timestamp="2025-10-07T14:36:21.2104191+03:00">
        <Text>[xUnit.net 00:00:06.43]     Inventory.IntegrationTests.Controllers.WarehouseControllerIntegrationTests.GetWarehouses_WithIsActiveFilter_ShouldReturnFilteredResults [FAIL]</Text>
      </RunInfo>
      <RunInfo computerName="DESKTOP-N3ISHK5" outcome="Error" timestamp="2025-10-07T14:36:21.2129970+03:00">
        <Text>[xUnit.net 00:00:06.43]     Inventory.IntegrationTests.Controllers.AuthControllerIntegrationTestsNew.Login_WithInvalidCredentials_ShouldReturnUnauthorized [FAIL]</Text>
      </RunInfo>
      <RunInfo computerName="DESKTOP-N3ISHK5" outcome="Error" timestamp="2025-10-07T14:36:21.2148720+03:00">
        <Text>[xUnit.net 00:00:06.43]     Inventory.IntegrationTests.Controllers.ManufacturerControllerIntegrationTests.CreateManufacturer_WithDuplicateName_ShouldReturnBadRequest [FAIL]</Text>
      </RunInfo>
      <RunInfo computerName="DESKTOP-N3ISHK5" outcome="Error" timestamp="2025-10-07T14:36:21.2165627+03:00">
        <Text>[xUnit.net 00:00:06.43]     Inventory.IntegrationTests.Controllers.CategoryControllerIntegrationTestsNew.UpdateCategory_WithInvalidId_ShouldReturnNotFound [FAIL]</Text>
      </RunInfo>
      <RunInfo computerName="DESKTOP-N3ISHK5" outcome="Error" timestamp="2025-10-07T14:36:21.2180346+03:00">
        <Text>[xUnit.net 00:00:06.43]     Inventory.IntegrationTests.Controllers.DashboardControllerIntegrationTestsNew.GetLowStockProducts_WithNoLowStockProducts_ShouldReturnEmptyList [FAIL]</Text>
      </RunInfo>
      <RunInfo computerName="DESKTOP-N3ISHK5" outcome="Error" timestamp="2025-10-07T14:36:21.2287710+03:00">
        <Text>[xUnit.net 00:00:06.44]     Inventory.IntegrationTests.RequestCreation.RequestCreationFlowTests.CreateRequest_WithValidData_ShouldSucceedWithoutCircularReferenceError [FAIL]</Text>
      </RunInfo>
      <RunInfo computerName="DESKTOP-N3ISHK5" outcome="Error" timestamp="2025-10-07T14:36:25.3738138+03:00">
        <Text>[xUnit.net 00:00:10.59]     Inventory.IntegrationTests.RequestCreation.RequestCreationFlowTests.CreateRequestAndAddItems_ShouldHandleComplexObjectGraphs [FAIL]</Text>
      </RunInfo>
      <RunInfo computerName="DESKTOP-N3ISHK5" outcome="Error" timestamp="2025-10-07T14:36:25.4266573+03:00">
        <Text>[xUnit.net 00:00:10.64]     Inventory.IntegrationTests.Controllers.ManufacturerControllerIntegrationTests.DeleteManufacturer_WithProducts_ShouldReturnBadRequest [FAIL]</Text>
      </RunInfo>
      <RunInfo computerName="DESKTOP-N3ISHK5" outcome="Error" timestamp="2025-10-07T14:36:25.4281122+03:00">
        <Text>[xUnit.net 00:00:10.64]     Inventory.IntegrationTests.Controllers.DashboardControllerIntegrationTestsNew.GetLowStockProducts_WithValidData_ShouldReturnLowStockProducts [FAIL]</Text>
      </RunInfo>
      <RunInfo computerName="DESKTOP-N3ISHK5" outcome="Error" timestamp="2025-10-07T14:36:25.4400201+03:00">
        <Text>[xUnit.net 00:00:10.65]     Inventory.IntegrationTests.Controllers.WarehouseControllerIntegrationTests.GetWarehouse_WithInvalidId_ShouldReturnNotFound [FAIL]</Text>
      </RunInfo>
      <RunInfo computerName="DESKTOP-N3ISHK5" outcome="Error" timestamp="2025-10-07T14:36:25.4415572+03:00">
        <Text>[xUnit.net 00:00:10.66]     Inventory.IntegrationTests.Controllers.AuthControllerIntegrationTestsNew.Register_WithValidData_ShouldCreateUser [FAIL]</Text>
      </RunInfo>
      <RunInfo computerName="DESKTOP-N3ISHK5" outcome="Error" timestamp="2025-10-07T14:36:25.4478864+03:00">
        <Text>[xUnit.net 00:00:10.66]     Inventory.IntegrationTests.Controllers.CategoryControllerIntegrationTestsNew.CreateCategory_WithInvalidParentId_ShouldReturnBadRequest [FAIL]</Text>
      </RunInfo>
      <RunInfo computerName="DESKTOP-N3ISHK5" outcome="Error" timestamp="2025-10-07T14:36:29.4329144+03:00">
        <Text>[xUnit.net 00:00:14.65]     Inventory.IntegrationTests.RequestCreation.RequestCreationFlowTests.CreateRequest_ShouldNotCauseAuditSerializationErrors [FAIL]</Text>
      </RunInfo>
      <RunInfo computerName="DESKTOP-N3ISHK5" outcome="Error" timestamp="2025-10-07T14:36:29.6124212+03:00">
        <Text>[xUnit.net 00:00:14.83]     Inventory.IntegrationTests.Controllers.ManufacturerControllerIntegrationTests.DeleteManufacturer_WithValidId_ShouldDeleteManufacturer [FAIL]</Text>
      </RunInfo>
      <RunInfo computerName="DESKTOP-N3ISHK5" outcome="Error" timestamp="2025-10-07T14:36:29.6162006+03:00">
        <Text>[xUnit.net 00:00:14.83]     Inventory.IntegrationTests.Controllers.WarehouseControllerIntegrationTests.CreateWarehouse_WithValidData_ShouldCreateWarehouse [FAIL]</Text>
      </RunInfo>
      <RunInfo computerName="DESKTOP-N3ISHK5" outcome="Error" timestamp="2025-10-07T14:36:29.6349852+03:00">
        <Text>[xUnit.net 00:00:14.85]     Inventory.IntegrationTests.Controllers.DashboardControllerIntegrationTestsNew.GetDashboardStats_WithoutAuthentication_ShouldReturnUnauthorized [FAIL]</Text>
      </RunInfo>
      <RunInfo computerName="DESKTOP-N3ISHK5" outcome="Error" timestamp="2025-10-07T14:36:29.6654920+03:00">
        <Text>[xUnit.net 00:00:14.88]     Inventory.IntegrationTests.Controllers.CategoryControllerIntegrationTestsNew.GetCategories_WithoutAuthentication_ShouldReturnUnauthorized [FAIL]</Text>
      </RunInfo>
      <RunInfo computerName="DESKTOP-N3ISHK5" outcome="Error" timestamp="2025-10-07T14:36:29.6665538+03:00">
        <Text>[xUnit.net 00:00:14.88]     Inventory.IntegrationTests.Controllers.AuthControllerIntegrationTestsNew.Login_WithEmptyCredentials_ShouldReturnBadRequest [FAIL]</Text>
      </RunInfo>
      <RunInfo computerName="DESKTOP-N3ISHK5" outcome="Error" timestamp="2025-10-07T14:36:33.8064047+03:00">
        <Text>[xUnit.net 00:00:19.02]     Inventory.IntegrationTests.Controllers.ManufacturerControllerIntegrationTests.GetManufacturers_WithValidData_ShouldReturnManufacturers [FAIL]</Text>
      </RunInfo>
      <RunInfo computerName="DESKTOP-N3ISHK5" outcome="Error" timestamp="2025-10-07T14:36:33.8079830+03:00">
        <Text>[xUnit.net 00:00:19.02]     Inventory.IntegrationTests.Controllers.WarehouseControllerIntegrationTests.GetWarehouse_WithValidId_ShouldReturnWarehouse [FAIL]</Text>
      </RunInfo>
      <RunInfo computerName="DESKTOP-N3ISHK5" outcome="Error" timestamp="2025-10-07T14:36:33.8088387+03:00">
        <Text>[xUnit.net 00:00:19.02]     Inventory.IntegrationTests.Controllers.DashboardControllerIntegrationTestsNew.GetDashboardStats_WithEmptyDatabase_ShouldReturnZeroStats [FAIL]</Text>
      </RunInfo>
      <RunInfo computerName="DESKTOP-N3ISHK5" outcome="Error" timestamp="2025-10-07T14:36:33.8112579+03:00">
        <Text>[xUnit.net 00:00:19.03]     Inventory.IntegrationTests.Controllers.AuthControllerIntegrationTestsNew.Login_WithValidCredentials_ShouldReturnToken [FAIL]</Text>
      </RunInfo>
      <RunInfo computerName="DESKTOP-N3ISHK5" outcome="Error" timestamp="2025-10-07T14:36:33.8113246+03:00">
        <Text>[xUnit.net 00:00:19.03]     Inventory.IntegrationTests.Controllers.CategoryControllerIntegrationTestsNew.DeleteCategory_WithValidId_ShouldDeleteCategory [FAIL]</Text>
      </RunInfo>
      <RunInfo computerName="DESKTOP-N3ISHK5" outcome="Error" timestamp="2025-10-07T14:36:37.9472298+03:00">
        <Text>[xUnit.net 00:00:23.16]     Inventory.IntegrationTests.Controllers.DashboardControllerIntegrationTestsNew.GetRecentActivity_WithValidData_ShouldReturnActivity [FAIL]</Text>
      </RunInfo>
      <RunInfo computerName="DESKTOP-N3ISHK5" outcome="Error" timestamp="2025-10-07T14:36:37.9481667+03:00">
        <Text>[xUnit.net 00:00:23.16]     Inventory.IntegrationTests.Controllers.ManufacturerControllerIntegrationTests.UpdateManufacturer_WithInvalidId_ShouldReturnNotFound [FAIL]</Text>
      </RunInfo>
      <RunInfo computerName="DESKTOP-N3ISHK5" outcome="Error" timestamp="2025-10-07T14:36:37.9819270+03:00">
        <Text>[xUnit.net 00:00:23.20]     Inventory.IntegrationTests.Controllers.CategoryControllerIntegrationTestsNew.GetCategory_WithInvalidId_ShouldReturnNotFound [FAIL]</Text>
      </RunInfo>
      <RunInfo computerName="DESKTOP-N3ISHK5" outcome="Error" timestamp="2025-10-07T14:36:37.9831764+03:00">
        <Text>[xUnit.net 00:00:23.20]     Inventory.IntegrationTests.Controllers.AuthControllerIntegrationTestsNew.Register_WithInvalidData_ShouldReturnBadRequest [FAIL]</Text>
      </RunInfo>
      <RunInfo computerName="DESKTOP-N3ISHK5" outcome="Error" timestamp="2025-10-07T14:36:37.9838515+03:00">
        <Text>[xUnit.net 00:00:23.20]     Inventory.IntegrationTests.Controllers.WarehouseControllerIntegrationTests.GetWarehouses_WithSearchFilter_ShouldReturnFilteredResults [FAIL]</Text>
      </RunInfo>
      <RunInfo computerName="DESKTOP-N3ISHK5" outcome="Error" timestamp="2025-10-07T14:36:42.0804090+03:00">
        <Text>[xUnit.net 00:00:27.30]     Inventory.IntegrationTests.Controllers.ManufacturerControllerIntegrationTests.UpdateManufacturer_WithValidData_ShouldUpdateManufacturer [FAIL]</Text>
      </RunInfo>
      <RunInfo computerName="DESKTOP-N3ISHK5" outcome="Error" timestamp="2025-10-07T14:36:42.1021382+03:00">
        <Text>[xUnit.net 00:00:27.32]     Inventory.IntegrationTests.Controllers.AuthControllerIntegrationTestsNew.Register_WithExistingUsername_ShouldReturnBadRequest [FAIL]</Text>
      </RunInfo>
      <RunInfo computerName="DESKTOP-N3ISHK5" outcome="Error" timestamp="2025-10-07T14:36:42.1224080+03:00">
        <Text>[xUnit.net 00:00:27.34]     Inventory.IntegrationTests.Controllers.DashboardControllerIntegrationTestsNew.GetDashboardStats_WithValidData_ShouldReturnStats [FAIL]</Text>
      </RunInfo>
      <RunInfo computerName="DESKTOP-N3ISHK5" outcome="Error" timestamp="2025-10-07T14:36:42.1386339+03:00">
        <Text>[xUnit.net 00:00:27.35]     Inventory.IntegrationTests.Controllers.CategoryControllerIntegrationTestsNew.GetCategory_WithValidId_ShouldReturnCategory [FAIL]</Text>
      </RunInfo>
      <RunInfo computerName="DESKTOP-N3ISHK5" outcome="Error" timestamp="2025-10-07T14:36:42.1393231+03:00">
        <Text>[xUnit.net 00:00:27.35]     Inventory.IntegrationTests.Controllers.WarehouseControllerIntegrationTests.DeleteWarehouse_WithTransactions_ShouldReturnBadRequest [FAIL]</Text>
      </RunInfo>
      <RunInfo computerName="DESKTOP-N3ISHK5" outcome="Error" timestamp="2025-10-07T14:36:46.1787592+03:00">
        <Text>[xUnit.net 00:00:31.39]     Inventory.IntegrationTests.Controllers.ManufacturerControllerIntegrationTests.GetManufacturer_WithInvalidId_ShouldReturnNotFound [FAIL]</Text>
      </RunInfo>
      <RunInfo computerName="DESKTOP-N3ISHK5" outcome="Error" timestamp="2025-10-07T14:36:46.2300905+03:00">
        <Text>[xUnit.net 00:00:31.45]     Inventory.IntegrationTests.Controllers.WarehouseControllerIntegrationTests.CreateWarehouse_WithDuplicateName_ShouldReturnBadRequest [FAIL]</Text>
      </RunInfo>
      <RunInfo computerName="DESKTOP-N3ISHK5" outcome="Error" timestamp="2025-10-07T14:36:46.2312480+03:00">
        <Text>[xUnit.net 00:00:31.45]     Inventory.IntegrationTests.Controllers.CategoryControllerIntegrationTestsNew.GetSubCategories_WithValidParentId_ShouldReturnSubcategories [FAIL]</Text>
      </RunInfo>
      <RunInfo computerName="DESKTOP-N3ISHK5" outcome="Error" timestamp="2025-10-07T14:36:50.2720725+03:00">
        <Text>[xUnit.net 00:00:35.49]     Inventory.IntegrationTests.Controllers.ManufacturerControllerIntegrationTests.GetManufacturer_WithValidId_ShouldReturnManufacturer [FAIL]</Text>
      </RunInfo>
      <RunInfo computerName="DESKTOP-N3ISHK5" outcome="Error" timestamp="2025-10-07T14:36:50.3218079+03:00">
        <Text>[xUnit.net 00:00:35.54]     Inventory.IntegrationTests.Controllers.WarehouseControllerIntegrationTests.GetWarehouses_WithPagination_ShouldReturnPagedResults [FAIL]</Text>
      </RunInfo>
      <RunInfo computerName="DESKTOP-N3ISHK5" outcome="Error" timestamp="2025-10-07T14:36:50.3224614+03:00">
        <Text>[xUnit.net 00:00:35.54]     Inventory.IntegrationTests.Controllers.CategoryControllerIntegrationTestsNew.GetRootCategories_WithValidData_ShouldReturnRootCategories [FAIL]</Text>
      </RunInfo>
      <RunInfo computerName="DESKTOP-N3ISHK5" outcome="Error" timestamp="2025-10-07T14:36:54.3721002+03:00">
        <Text>[xUnit.net 00:00:39.59]     Inventory.IntegrationTests.Controllers.ManufacturerControllerIntegrationTests.DeleteManufacturer_WithInvalidId_ShouldReturnNotFound [FAIL]</Text>
      </RunInfo>
      <RunInfo computerName="DESKTOP-N3ISHK5" outcome="Error" timestamp="2025-10-07T14:36:54.4299341+03:00">
        <Text>[xUnit.net 00:00:39.64]     Inventory.IntegrationTests.Controllers.WarehouseControllerIntegrationTests.DeleteWarehouse_WithInvalidId_ShouldReturnNotFound [FAIL]</Text>
      </RunInfo>
      <RunInfo computerName="DESKTOP-N3ISHK5" outcome="Error" timestamp="2025-10-07T14:36:54.4468065+03:00">
        <Text>[xUnit.net 00:00:39.66]     Inventory.IntegrationTests.Controllers.CategoryControllerIntegrationTestsNew.GetCategories_WithEmptyDatabase_ShouldReturnEmptyList [FAIL]</Text>
      </RunInfo>
      <RunInfo computerName="DESKTOP-N3ISHK5" outcome="Error" timestamp="2025-10-07T14:36:58.4385556+03:00">
        <Text>[xUnit.net 00:00:43.65]     Inventory.IntegrationTests.Controllers.ManufacturerControllerIntegrationTests.GetManufacturers_WithEmptyDatabase_ShouldReturnEmptyList [FAIL]</Text>
      </RunInfo>
      <RunInfo computerName="DESKTOP-N3ISHK5" outcome="Error" timestamp="2025-10-07T14:36:58.4920930+03:00">
        <Text>[xUnit.net 00:00:43.71]     Inventory.IntegrationTests.Controllers.WarehouseControllerIntegrationTests.DeleteWarehouse_WithValidId_ShouldSoftDeleteWarehouse [FAIL]</Text>
      </RunInfo>
      <RunInfo computerName="DESKTOP-N3ISHK5" outcome="Error" timestamp="2025-10-07T14:36:58.5348343+03:00">
        <Text>[xUnit.net 00:00:43.75]     Inventory.IntegrationTests.Controllers.CategoryControllerIntegrationTestsNew.GetCategories_WithValidData_ShouldReturnCategories [FAIL]</Text>
      </RunInfo>
      <RunInfo computerName="DESKTOP-N3ISHK5" outcome="Error" timestamp="2025-10-07T14:37:02.5339811+03:00">
        <Text>[xUnit.net 00:00:47.75]     Inventory.IntegrationTests.Controllers.ManufacturerControllerIntegrationTests.CreateManufacturer_WithValidData_ShouldCreateManufacturer [FAIL]</Text>
      </RunInfo>
      <RunInfo computerName="DESKTOP-N3ISHK5" outcome="Error" timestamp="2025-10-07T14:37:02.6031624+03:00">
        <Text>[xUnit.net 00:00:47.82]     Inventory.IntegrationTests.Controllers.CategoryControllerIntegrationTestsNew.UpdateCategory_WithValidData_ShouldUpdateCategory [FAIL]</Text>
      </RunInfo>
      <RunInfo computerName="DESKTOP-N3ISHK5" outcome="Error" timestamp="2025-10-07T14:37:02.6039238+03:00">
        <Text>[xUnit.net 00:00:47.82]     Inventory.IntegrationTests.Controllers.WarehouseControllerIntegrationTests.GetWarehouses_WithEmptyDatabase_ShouldReturnEmptyList [FAIL]</Text>
      </RunInfo>
      <RunInfo computerName="DESKTOP-N3ISHK5" outcome="Error" timestamp="2025-10-07T14:37:06.6969174+03:00">
        <Text>[xUnit.net 00:00:51.91]     Inventory.IntegrationTests.Controllers.WarehouseControllerIntegrationTests.GetWarehouses_WithValidData_ShouldReturnWarehouses [FAIL]</Text>
      </RunInfo>
      <RunInfo computerName="DESKTOP-N3ISHK5" outcome="Error" timestamp="2025-10-07T14:37:06.7244707+03:00">
        <Text>[xUnit.net 00:00:51.94]     Inventory.IntegrationTests.Controllers.CategoryControllerIntegrationTestsNew.GetSubCategories_WithInvalidParentId_ShouldReturnEmptyList [FAIL]</Text>
      </RunInfo>
      <RunInfo computerName="DESKTOP-N3ISHK5" outcome="Error" timestamp="2025-10-07T14:37:10.7734288+03:00">
        <Text>[xUnit.net 00:00:55.99]     Inventory.IntegrationTests.Controllers.WarehouseControllerIntegrationTests.UpdateWarehouse_WithInvalidId_ShouldReturnNotFound [FAIL]</Text>
      </RunInfo>
      <RunInfo computerName="DESKTOP-N3ISHK5" outcome="Error" timestamp="2025-10-07T14:37:10.8103913+03:00">
        <Text>[xUnit.net 00:00:56.03]     Inventory.IntegrationTests.Controllers.CategoryControllerIntegrationTestsNew.DeleteCategory_WithInvalidId_ShouldReturnNotFound [FAIL]</Text>
      </RunInfo>
      <RunInfo computerName="DESKTOP-N3ISHK5" outcome="Error" timestamp="2025-10-07T14:37:14.8712527+03:00">
        <Text>[xUnit.net 00:01:00.09]     Inventory.IntegrationTests.Controllers.WarehouseControllerIntegrationTests.UpdateWarehouse_WithValidData_ShouldUpdateWarehouse [FAIL]</Text>
      </RunInfo>
      <RunInfo computerName="DESKTOP-N3ISHK5" outcome="Error" timestamp="2025-10-07T14:37:14.8928272+03:00">
        <Text>[xUnit.net 00:01:00.11]     Inventory.IntegrationTests.Controllers.CategoryControllerIntegrationTestsNew.CreateCategory_WithValidData_ShouldCreateCategory [FAIL]</Text>
      </RunInfo>
    </RunInfos>
    <CollectorDataEntries>
      <Collector agentName="DESKTOP-N3ISHK5" uri="datacollector://microsoft/CoverletCodeCoverage/1.0" collectorDisplayName="XPlat code coverage">
        <UriAttachments>
          <UriAttachment>
            <A href="DESKTOP-N3ISHK5\coverage.cobertura.xml"></A>
          </UriAttachment>
        </UriAttachments>
      </Collector>
    </CollectorDataEntries>
  </ResultSummary>
</TestRun>